316 528 44 582 481 17 943 955 287 291 
0 464 603 966 578 440 770 152 849 279 
648 958 266 636 567 211 743 
594 596 331 25 175 186 523 757 942 
341 951 404 471 368 192 979 179 789 558 112 300 409 581 
53 432 277 65 989 901 84 873 420 
744 955 228 254 40 268 
660 145 791 808 855 281 
296 45 405 911 92 890 776 
905 360 475 512 551 977 904 503 829 
325 669 678 205 683 162 86 811 894 
931 664 647 131 741 
173 693 392 917 931 664 611 762 
494 793 304 417 343 628 264 784 125 
170 634 647 131 741 13 
255 102 997 849 119 389 
546 148 687 370 294 
16 608 603 382 368 439 
602 415 893 498 486 492 326 
764 309 411 682 864 74 943 
521 399 486 
721 261 513 309 411 682 768 765 24 
941 25 175 186 523 297 15 44 582 922 365 893 
441 381 470 584 192 249 351 362 163 692 471 180 167 767 
699 206 370 137 522 565 
185 351 551 977 904 503 829 931 664 997 
907 102 662 316 
651 871 751 363 98 400 870 
528 44 582 481 17 611 762 
455 227 828 862 462 252 640 920 529 696 867 
