342 1335 254 482 322 989 
1146 1207 425 603 247 
96 1089 44 848 462 1123 761 322 1188 1425 20 1052 
1185 731 1341 1180 226 1250 862 122 
1196 805 458 333 1042 1491 1460 356 358 1253 1394 1181 

92 785 554 1292 583 
1378 1210 971 817 1292 910 158 
764 881 508 1042 1062 443 1334 890 714 319 
578 161 275 186 1354 717 462 1123 1242 1081 96 1089 44 55 177 
1167 125 350 186 18 626 629 368 8 
59 1238 1095 1432 906 734 1297 
991 745 846 1213 674 1103 1021 949 206 1137 
681 791 552 1454 1220 584 404 769 
466 274 1242 1081 96 1089 44 848 462 1123 761 322 1188 730 
792 1345 438 535 1000 1469 659 453 
305 669 700 1410 377 1064 334 243 1424 115 886 
35 1083 1294 1416 449 1367 
367 642 444 664 474 648 115 886 1230 251 542 

1191 1116 497 996 714 204 39 
477 311 1328 966 1064 1480 777 
516 938 103 511 1151 1005 476 837 547 1031 
1045 73 785 903 798 1197 1087 318 565 
1216 767 860 1362 581 284 187 1182 514 123 294 
311 1328 1305 253 1063 1223 65 1077 1275 


93 45 922 750 1182 133 88 1171 1381 
286 56 417 1432 1470 669 
