434 169 476 280 224 328 497 
227 108 436 50 
168 242 377 153 237 288 
235 480 481 138 68 182 126 353 81 371 200 99 
83 358 489 122 287 419 120 210 191 409 

309 200 422 
230 391 461 174 495 429 367 

267 152 234 5 445 94 30 
468 419 92 461 154 134 427 33 
443 6 479 209 277 161 66 218 
428 453 275 4 
162 334 22 9 96 
268 89 433 473 424 
406 17 285 259 
135 188 489 337 164 

344 438 101 22 221 64 403 
482 125 313 352 87 445 94 
41 132 186 9 378 415 320 
477 441 62 237 233 388 185 333 191 231 
13 129 120 336 100 283 161 
376 361 145 294 423 334 56 421 402 55 43 
403 334 56 153 279 
430 277 161 66 218 457 305 101 266 
452 223 370 249 360 464 
86 307 247 114 88 399 
69 80 105 17 147 176 71 0 292 
425 332 358 215 252 217 200 202 157 468 
