134 467 348 41 289 145 345 1 
424 90 134 467 293 363 
222 116 414 154 275 434 161 
63 425 466 301 349 
291 7 154 275 351 
297 133 435 265 111 
371 450 218 151 424 90 134 467 350 20 83 202 
37 227 346 284 416 
270 291 7 234 50 494 222 
403 259 181 93 428 
265 111 117 228 250 299 272 
311 455 314 492 45 
69 330 216 86 460 26 296 367 
123 135 137 486 100 434 497 274 
394 420 415 493 397 271 294 7 
289 316 66 189 421 46 0 444 238 
275 351 121 187 
358 451 329 46 71 205 223 194 
6 88 44 78 147 335 380 447 282 325 269 402 
468 7 234 227 346 456 336 75 
