199 373 460 60 252 447 113 
156 445 217 314 435 
371 225 484 317 334 60 245 287 455 443 
126 464 14 216 
45 496 391 310 393 403 136 448 
152 252 489 62 140 
459 78 268 55 163 31 
275 121 237 2 338 181 268 55 109 174 
473 85 287 455 494 457 
202 79 369 185 465 271 
172 312 62 236 383 304 
80 345 91 131 218 84 313 71 
115 42 98 198 170 
33 459 366 391 310 203 
159 373 460 132 487 26 212 
439 90 187 328 12 451 151 487 202 
132 436 295 339 432 368 
187 328 12 451 151 487 26 491 33 459 
123 25 293 310 393 403 285 
240 17 215 376 413 
17 215 87 389 489 295 193 278 42 469 
160 219 100 149 135 309 5 32 
146 261 126 215 376 381 44 38 
229 289 353 
244 85 287 289 282 
130 320 178 293 83 136 
152 252 303 427 467 214 83 136 196 135 4 365 
182 84 405 
41 2 338 83 136 190 
410 442 459 78 432 388 399 286 
