704 136 24 498 772 398 419 774 3 665 13 130 83 
216 459 278 248 681 540 694 312 863 961 927 976 70 62 
496 208 349 591 106 284 102 
329 316 55 894 721 545 
808 637 590 361 838 119 
487 878 132 
234 783 889 907 356 316 55 357 829 
337 398 521 
706 456 31 202 632 418 539 704 
382 730 258 471 403 461 194 921 
487 932 314 937 844 645 
646 600 627 407 359 462 457 
860 141 976 342 809 861 635 551 475 827 738 387 
297 757 954 798 728 676 472 953 26 
443 918 693 678 707 
318 111 259 469 416 109 578 809 861 
606 832 86 381 35 276 988 
662 575 461 194 211 347 909 
305 600 767 807 
847 665 13 121 650 713 288 541 202 
