0. 3(5) 6(3) 9(1) 11(4) 12(3) 13(5) 14(9) 19(4) 24(6) 25(7) 
1. 2(3) 6(8) 9(1) 11(2) 15(4) 18(7) 20(8) 23(9) 29(7) 
2. 1(3) 4(9) 5(8) 13(2) 15(8) 16(6) 17(5) 20(9) 24(2) 25(3) 26(6) 29(8) 
3. 0(5) 5(9) 6(5) 10(1) 16(5) 17(9) 19(5) 22(9) 24(5) 
4. 2(9) 9(2) 11(3) 13(1) 15(6) 17(1) 18(5) 19(1) 21(9) 28(2) 
5. 2(8) 3(9) 5(6) 6(4) 9(1) 11(1) 13(3) 17(1) 18(6) 21(7) 22(9) 23(9) 24(3) 25(9) 27(9) 
6. 0(3) 1(8) 3(5) 5(4) 10(6) 11(3) 14(9) 20(4) 21(4) 23(6) 24(6) 
7. 8(5) 9(9) 11(2) 12(1) 13(5) 14(5) 15(3) 17(3) 18(4) 26(6) 27(8) 28(9) 29(8) 
8. 7(5) 9(4) 10(9) 11(9) 14(5) 15(8) 16(1) 17(1) 21(4) 23(7) 24(1) 28(3) 
9. 0(1) 1(1) 4(2) 5(1) 7(9) 8(4) 10(6) 12(6) 15(2) 16(2) 22(1) 27(3) 28(3) 29(9) 
10. 3(1) 6(6) 8(9) 9(6) 11(2) 12(3) 13(1) 14(3) 17(4) 19(3) 24(7) 27(9) 
11. 0(4) 1(2) 4(3) 5(1) 6(3) 7(2) 8(9) 10(2) 13(3) 17(8) 20(2) 22(6) 23(4) 25(6) 26(5) 
12. 0(3) 7(1) 9(6) 10(3) 15(2) 22(1) 23(5) 25(9) 26(3) 27(4) 
13. 0(5) 2(2) 4(1) 5(3) 7(5) 10(1) 11(3) 17(3) 19(6) 22(1) 23(8) 24(9) 27(2) 29(2) 
14. 0(9) 6(9) 7(5) 8(5) 10(3) 14(6) 16(8) 18(5) 20(7) 21(4) 22(9) 23(9) 26(1) 
15. 1(4) 2(8) 4(6) 7(3) 8(8) 9(2) 12(2) 16(8) 20(7) 22(9) 24(4) 26(7) 27(9) 
16. 2(6) 3(5) 8(1) 9(2) 14(8) 15(8) 18(7) 24(0) 27(4) 28(8) 
17. 2(5) 3(9) 4(1) 5(1) 7(3) 8(1) 10(4) 11(8) 13(3) 19(5) 22(5) 26(2) 
18. 1(7) 4(5) 5(6) 7(4) 14(5) 16(7) 20(4) 24(1) 25(5) 28(7) 
19. 0(4) 3(5) 4(1) 10(3) 13(6) 17(5) 24(2) 25(6) 27(7) 29(7) 
20. 1(8) 2(9) 6(4) 11(2) 14(7) 15(7) 18(4) 23(1) 24(8) 25(6) 26(9) 
21. 4(9) 5(7) 6(4) 8(4) 14(4) 22(9) 23(1) 25(5) 27(5) 28(7) 29(1) 
22. 3(9) 5(9) 9(1) 11(6) 12(1) 13(1) 14(9) 15(9) 17(5) 21(9) 23(2) 24(3) 27(4) 
23. 1(9) 5(9) 6(6) 8(7) 11(4) 12(5) 13(8) 14(9) 20(1) 21(1) 22(2) 26(9) 28(3) 29(1) 
24. 0(6) 2(2) 3(5) 5(3) 6(6) 8(1) 10(7) 13(9) 15(4) 16(0) 18(1) 19(2) 20(8) 22(3) 28(3) 29(3) 
25. 0(7) 2(3) 5(9) 11(6) 12(9) 18(5) 19(6) 20(6) 21(5) 26(4) 27(8) 
26. 2(6) 7(6) 11(5) 12(3) 14(1) 15(7) 17(2) 20(9) 23(9) 25(4) 27(5) 29(4) 
27. 5(9) 7(8) 9(3) 10(9) 12(4) 13(2) 15(9) 16(4) 19(7) 21(5) 22(4) 25(8) 26(5) 28(5) 
28. 4(2) 7(9) 8(3) 9(3) 16(8) 18(7) 21(7) 23(3) 24(3) 27(5) 28(8) 29(8) 
29. 1(7) 2(8) 7(8) 9(9) 13(2) 19(7) 21(1) 23(1) 24(3) 26(4) 28(8) 