. . . . . 4 . 8 . . . . . 2 . . . . . 2 . . 8 . . 4 . . . 3 
. . . 5 3 . . . . . . 5 . . . . . . . . 6 . . . 1 . 2 2 . . 
. . . . . . 1 . . . . . 8 . 8 . 1 . . . 7 6 . . . . 4 . . . 
. . 7 . 7 . . 8 . . 8 . 3 . 5 . . . . . . . . . . . 2 . . . 
. . . . 6 . . . . 6 . 5 . . . . . . 6 . . . . 9 7 . . . 6 . 
4 . . . . . 1 . . . . . . 6 . . 7 6 . . 8 . . . . . . . 5 . 
. . . . . . 3 9 9 . 5 . . . . . 3 . . . . . . . . 9 . 8 . . 
. . . 1 . 6 . . . 3 . . . . . 2 4 . . . . . . . . 7 . 2 . . 
4 3 . . . . . 8 . . . . . . . . . 8 . . 6 . . . . 1 4 . . . 
2 . 8 . . . . . . . . 4 . . 1 . . . 4 . . . . . . 8 2 . . . 
. . . . . . 6 . 3 7 . . 3 . . 4 . . 8 . 6 . . . . . . . . . 
5 . . 4 . . . 8 . . . 1 . 9 . . . . . . . . . . 1 . . 9 . . 
. . . . 5 . . . . . . . . . . . 5 . . 2 5 . . 0 3 . 5 . . . 
. . . . 5 . . . . 1 . . . 1 . . . . . . . . 9 4 4 . . 1 . . 
. . . . 6 . . . 3 . . . . . . . 8 3 . 7 7 . . . . 3 . . . . 
. 2 . . . . . 6 . . . . . . . . . . . 5 . . . . 3 9 6 . . 3 
9 . . . . 1 . . 1 . . . . . . . 2 9 . 8 . . . . 2 . . . . . 
. 5 . . . . . 8 . . 6 . . . 1 . . . 9 . . . 7 . . . . . . 2 
. . . 7 . 4 . . . . . . 4 . . . . 3 . 6 . . . . . 3 7 . . . 
. . . . 5 . 3 . 8 5 . . . . . . . . . 6 . . . 1 . . . 9 . . 
. 7 . . . . . . . . 7 . . . . . . . 1 2 9 . . . 4 . . 5 . . 
6 . . . . . . . . 6 5 7 . . . . 3 . . 3 . . . . . . 1 . . . 
. . . . . . . . 3 7 . 5 . . . . 7 . . . . . . 5 . 6 5 . . . 
. . 2 . . . . 3 . 2 . . . . . . 4 1 . 4 . . 3 . . . . . . . 
. . . . 7 . . . 9 . 4 . . 6 . . . . . . . . 2 . . 6 . 5 . . 
. . 3 . . . . 9 . . . 6 . . 5 . 5 . . . 5 . . . . 4 . . . . 
. . . . . . 8 3 8 . . 4 . . . . . . . 8 . 4 . . . . . 9 . . 
. . . 4 3 . . 8 4 . . 9 . . . . . . . . 5 . . 9 . . . . . . 
. . . . . 7 . . 5 . . . . . . . . . 6 . . . 2 . 8 . 8 . 9 . 
. . . . . . . . . 6 . . . 2 . . . . . . 2 4 . . . 7 . . 8 5 
12 23
0 1 7 17 20 25 26 
6 8 9 12 15 18 20 
. . . . . 4 . . 4 2 . 5 . . . . 9 . . . . 6 . . . . . . . . 
. . . . . . . . 3 . . . . . . 2 . 5 . . 7 . . . . . . . . . 
. . . 7 . . . . . 8 . . . . . . . . . . . . . 2 . 3 . . . . 
. 5 . . . . . 1 . . . 4 . . . . . . 7 . . . . . . . . 4 . . 
. 3 . 7 6 . . . . . . . 5 5 6 . . . . 5 . . . . 7 . . 3 . . 
4 . . . . . . 6 . . . . . . . . 1 . 4 . . . . . . . . . 7 . 
. . 1 . . 1 3 . . . 6 . . . . . . . . 3 . . . . . . 8 . . . 
8 . . 8 . . 9 . 8 . . 8 . . . 6 . 8 . . . . . 3 . 9 3 8 . . 
. . . . . . 9 . . . 3 . . . 3 . 1 . . 8 . . 3 . 9 . 8 4 5 . 
. . . . 6 . . 3 . . 7 . . 1 . . . . . 5 . 6 7 2 . . . . . 6 
. . . 8 . . 5 . . . . . . . . . . 6 . . 7 5 . . 4 . . . . . 
. 5 . . 5 . . . . 4 . 1 . . . . . . . . . 7 5 . . 6 4 9 . . 
. . 8 3 . . . . . . 3 . . . . . . . 4 . . . . . . . . . . . 
2 . . . . 6 . . . . . 9 . 1 . . . . . . . . . . 6 . . . . 2 
. . 8 5 . . . . . 1 . . . . . . . 1 . . . . . . . 5 . . . . 
. . . . . . . 2 . . 4 . . . . . . . . . . . . . . . . . . . 
. . 1 . . 7 3 4 . . . . 5 . 8 . 2 . . . . 3 7 4 . 5 . . . . 
. . . . . 6 . . 8 . . . . . 3 . 9 . 3 . . . . 1 . . . . . . 
. . . . 6 . . . . 4 8 . . . . . . 9 . . 1 . . . . . . . 6 . 
2 . . . . . . . . . . . 2 . 7 5 8 . 6 6 2 3 . 4 . . 8 . . . 
. 6 7 . . 8 . . 6 . 6 . 5 . 7 . . . . . 9 . . . . 5 . 5 . 2 
. . 6 . . . . . . . . . . . . . . . . . . . . . . . 4 . . 4 
8 . . . . . . . . . . . . 9 . . . 7 . . . . . 3 2 . . . 2 . 
. . . . 9 . . . . . . . 0 4 . . . . . 1 . . 5 . . . . 9 . . 
. 1 . . 7 . . . . . . 1 3 4 . 3 2 . . . 4 . . . . . . . 8 . 
4 . . . . . 9 7 1 8 . . . . 3 9 . . 3 . . . 6 . 6 4 . . . 7 
. 2 4 2 . . . . 4 2 . . 5 . . 6 . . 7 . . 1 5 . . . . . 8 . 
. 2 . . . . 8 2 . . . 9 . 1 . . . . . 9 5 . . . 5 . 9 . . . 
. . . . 6 5 . . . . . . . . . . . . . . . . . . . . . . 9 8 
3 . . . . . . . . . . . . . . 3 . 2 . . . . . . . . . . . 5 
2 7 11 14 16 20 25 
3 5 9 15 16 25 27 
. . . . . 4 . . 4 2 . 5 . . . . 9 . . . . 6 . . . . . . . . 
. . . . . . . . 3 . . . . . . 2 . 5 . . 7 . . . . . . . . . 
. . . 7 . . . . . 8 . . . . . . . . . . . . . 2 . 3 . . . . 
. 5 . . . . . 1 . . . 4 . . . . . . 7 . . . . . . . . 4 . . 
. 3 . 7 6 . . . . . . . 5 5 6 . . . . 5 . . . . 7 . . 3 . . 
4 . . . . . . 6 . . . . . . . . . . 4 . . . . . . . . . 7 . 
. . 1 . . 1 3 . . . 6 . . . . . . . . 3 . . . . . . 8 . . . 
8 . . 8 . . 9 . 8 . . 8 . . . 6 . 8 . . . . . 3 . 9 3 8 . . 
. . . . . . 9 . . . 3 . . . 3 . 1 . . 8 . . 3 . 9 . 8 4 5 . 
. . . . 6 . . 3 . . 7 . . 1 . . . . . 5 . 6 7 2 . . . . . . 
. . . 8 . . 5 . . . . . . . . . . 6 . . 7 5 . . 4 . . . . . 
. 5 . . 5 . . . . 4 . 1 . . . . . . . . . 7 5 . . 6 . 9 1 . 
. . 8 3 . . . . . . 3 . . . . . . . 4 . . . . . . . . . . . 
2 . . . . 6 . . . . . 9 . 1 . . . . . . . . . . 6 . . . . 2 
. . 8 5 . . . . . 1 . . . . . . . 1 . . . . . . . 5 . . . . 
. . . . . . . 2 . . 4 . . . . . . . . . . . . . . . . . . . 
. . 1 . . 7 3 4 . . . . 5 . 8 . 2 . . . . 3 7 4 . 5 . . . . 
. . . . . 6 . . 8 . . . . . 3 . 9 . 3 . . . . 1 . . . . . . 
. . . . 6 . . . . 4 8 . . . . . . 9 . . 1 . . . . . . . 6 . 
2 . . . . . . . . . . . 2 . 7 5 8 . 6 6 2 3 . 4 . . 8 . . . 
. 6 7 . . 8 . . 6 . 6 . 5 . 7 . . . . . 9 . . . . 5 . 5 . 2 
. . 6 . . . . . . . . . . . . . . . . . . . . . . . 4 . . . 
8 . . . . . . . . . . . . 9 . . . 7 . . . . . 3 2 . . . 2 . 
. . . . 9 . . . . . . . 0 4 . . . . . 1 . . 5 . . . . 9 . . 
. 1 . . 7 . . . . . . 1 3 4 . 3 2 . . . 4 . . . . . . . 8 . 
4 . . . . . 9 7 1 8 . . . . 3 9 . . 3 . . . 6 . 6 4 . . . 7 
. 2 4 2 . . . . 4 2 . . 5 . . 6 . . 7 . . 1 5 . . . . . 8 . 
. 2 . . . . 8 2 . . . 9 . 1 . . . . . 9 5 . . . 5 . 9 . . . 
. . . . 6 5 . . . . . . . . . . . . . . . . . . . . . . 9 . 
3 . . . . . . . . . . . . . . 3 . 2 . . . . . . . . . . . . 
3 4 11 20 24 26 27 
0 1 7 17 20 25 26 
12 23
12 23
12 23
2 4 7 10 12 14 26 
12 23
12 23
5 6 7 13 19 20 22 25 29 
6 8 9 19 23 27 
4 8 10 13 22 25 27 29 
12 23
8 9 11 16 23 25 26 
4 16 19 23 24 26 29 
7 11 14 16 20 25 
7 11 14 16 20 25 
3 4 7 8 11 20 23 
12 23
12 23
5 6 7 13 19 20 22 25 29 
12 23
0 2 14 18 25 26 
12 23
4 8 10 13 15 22 25 27 29 
. . . . . 4 . 8 4 2 . 5 . . . . 9 . . . . 6 . . . . . . . . 
. . . . . . . . 3 . . . . . . 2 . 5 . . . . . . . . . . . . 
. . . 7 . . . . . 8 . . . . . . . . . . . . . 2 . . . . . . 
. 5 . . . . . 1 . . . 4 . . . . . . 7 . . . . 7 . . . 4 . . 
. 3 . 7 6 . . . . . . . 5 5 6 . . . . . . . . . 7 . . 3 . . 
4 . . . . . . 6 . . . . . . . . . . 4 . . . . . . . . . 7 . 
3 . 1 . . . 3 . . . . . . . . . . . . 3 . . . . . . . . . . 
8 . . 8 . . 9 . 8 . . 8 . . . 6 . 8 . . . . . 3 . 9 3 8 . . 
. . . . . . 9 . . . 3 . . . . . 1 . . . . . 3 . 9 . 8 . . . 
. . . . 6 6 . 3 . . 7 . . 1 . . . . . 5 . . 7 2 . . . . . . 
. . . 8 . . . . . . . . . . . . . 6 . . 7 5 . . 4 . . . . . 
. 5 . 5 5 . . . . . . . . . . . . . . . . 7 5 . . 6 . 9 1 . 
. . 8 3 . . . . . . 3 . . . . . . . 4 . . . . . . . . . . . 
2 . . . . . . . . . . 9 . . . . . . . . . . . . 6 . . . . 2 
. . 8 5 . . . . . 1 . . . . . . . 1 . . . . . . . 5 . . . . 
. . . . . . . 2 . . 4 . . . . . . . . . . . . . 9 . . . . . 
. . 1 . . 7 3 4 . . . . 5 . 8 6 2 . . 7 . 3 . 4 . 5 . . . . 
. . . 1 . 6 . . 8 . . . . . 3 . 9 . 3 . . . . 1 . . . . . . 
. . . . 6 . . . . 4 8 . . . . . . 9 . . 1 . . . . . . . 6 . 
2 . . . . . 5 . . . . . 2 . 7 . 8 . 6 6 2 3 . . . . 8 . . . 
9 . 7 . . . . . 6 . 6 . . . 7 . . . . . 9 . . . . 5 . 5 . 2 
. . . . . . . . . . . . . . . . . . . . . . . . . . 4 . . . 
8 . . . . . . . . . . . . 9 . . . 7 . . . . . 3 2 . . . 2 . 
. . . . 9 . . . . . . . 0 4 . . . . . 1 . . 5 . . . . 9 . . 
. 1 . . 7 . . . . . . 1 3 . . 3 2 . . . 4 . . . . . . . 8 . 
4 . . . . . 9 7 1 8 . . . . . 9 . . 3 . . . 6 . 6 4 . . . 7 
. 2 4 2 . . . . 4 2 . . 5 . . 6 . . 7 . . 1 5 . . . . . 8 . 
. . . 2 . . . 2 . . . 9 . 1 . . . . . 9 5 . . . 5 . 9 . . . 
. 2 . . 6 5 . . . . . . . . . . . . . . . . . . . . . . 9 . 
3 . . . . . . . . . . . 9 . . 3 . 2 . . . . . . 8 . . . . . 
. . . . . 4 . 8 4 2 . 5 . . . . 9 . . . . 6 . . . . . . . . 
. . . . . . . . 3 . . . . . . 2 . 5 . . . . . . . . . . . . 
. . . 7 . . . . . 8 . . . . . . . . . . . . . 2 . . . . . . 
. 5 . . . . . 1 . . . 4 . . . . . . 7 . . . . 7 . . . 4 . . 
. 3 . 7 6 . . . . . . . 5 5 6 . . . . . . . . . 7 . . 3 . . 
4 . . . . . . 6 . . . . . . . . . . 4 . . . . . . . . . 7 . 
3 . 1 . . . 3 . . . . . . . . . . . . 3 . . . . . . . . . . 
8 . . 8 . . 9 . 8 . . 8 . . . 6 . 8 . . . . . 3 . 9 3 8 . . 
. . . . . . 9 . . . 3 . . . . . 1 . . . . . 3 . 9 . 8 . . . 
. . . . 6 6 . 3 . . 7 . . 1 . . . . . 5 . . 7 2 . . . . . . 
. . . 8 . . . . . . . . . . . . . 6 . . 7 5 . . 4 . . . . . 
. 5 . 5 5 . . . . . . . . . . . . . . . . 7 5 . . 6 . 9 1 . 
. . 8 3 . . . . . . 3 . . . . . . . 4 . . . . . . . . . . . 
2 . . . . . . . . . . 9 . . . . . . . . . . . . 6 . . . . 2 
. . 8 5 . . . . . 1 . . . . . . . 1 . . . . . . . 5 . . . . 
. . . . . . . 2 . . 4 . . . . . . . . . . . . . 9 . . . . . 
. . 1 . . 7 3 4 . . . . 5 . 8 6 2 . . 7 . 3 . 4 . 5 . . . . 
. . . 1 . 6 . . 8 . . . . . 3 . 9 . 3 . . . . 1 . . . . . . 
. . . . 6 . . . . 4 8 . . . . . . 9 . . 1 . . . . . . . 6 . 
2 . . . . . 5 . . . . . 2 . 7 . 8 . 6 6 2 3 . . . . 8 . . . 
9 . 7 . . . . . 6 . 6 . . . 7 . . . . . 9 . . . . 5 . 5 . 2 
. . . . . . . . . . . . . . . . . . . . . . . . . . 4 . . . 
8 . . . . . . . . . . . . 9 . . . 7 . . . . . 3 2 . . . 2 . 
. . . . 9 . . . . . . . 0 4 . . . . . 1 . . 5 . . . . 9 . . 
. 1 . . 7 . . . . . . 1 3 . . 3 2 . . . 4 . . . . . . . 8 . 
4 . . . . . 9 7 1 8 . . . . . 9 . . 3 . . . 6 . 6 4 . . . 7 
. 2 4 2 . . . . 4 2 . . 5 . . 6 . . 7 . . 1 5 . . . . . 8 . 
. . . 2 . . . 2 . . . 9 . 1 . . . . . 9 5 . . . 5 . 9 . . . 
. 2 . . 6 5 . . . . . . . . . . . . . . . . . . . . . . 9 . 
3 . . . . . . . . . . . 9 . . 3 . 2 . . . . . . 8 . . . . . 
. . . . . 4 . 8 4 2 . 5 . . . . 9 . . . . 6 . . . . . . . . 
. . . . . . . . 3 . . . . . . 2 . 5 . . . . . . . . . . . . 
. . . 7 . . . . . 8 . . . . . . . . . . . . . 2 . . . . . . 
. 5 . . . . . 1 . . . 4 . . . . . . 7 . . . . 7 . . . 4 . . 
. 3 . 7 6 . . . . . . . 5 5 6 . . . . . . . . . 7 . . 3 . . 
4 . . . . . . 6 . . . . . . . . . . 4 . . . . . . . . . 7 . 
3 . 1 . . . 3 . . . . . . . . . . . . 3 . . . . . . . . . . 
8 . . 8 . . 9 . 8 . . 8 . . . 6 . 8 . . . . . 3 . 9 3 8 . . 
. . . . . . 9 . . . 3 . . . . . 1 . . . . . 3 . 9 . 8 . . . 
. . . . 6 6 . 3 . . 7 . . 1 . . . . . 5 . . 7 2 . . . . . . 
. . . 8 . . . . . . . . . . . . . 6 . . 7 5 . . 4 . . . . . 
. 5 . 5 5 . . . . . . . . . . . . . . . . 7 5 . . 6 . 9 1 . 
. . 8 3 . . . . . . 3 . . . . . . . 4 . . . . . . . . . . . 
2 . . . . . . . . . . 9 . . . . . . . . . . . . 6 . . . . 2 
. . 8 5 . . . . . 1 . . . . . . . 1 . . . . . . . 5 . . . . 
. . . . . . . 2 . . 4 . . . . . . . . . . . . . 9 . . . . . 
. . 1 . . 7 3 4 . . . . 5 . 8 6 2 . . 7 . 3 . 4 . 5 . . . . 
. . . 1 . 6 . . 8 . . . . . 3 . 9 . 3 . . . . 1 . . . . . . 
. . . . 6 . . . . 4 8 . . . . . . 9 . . 1 . . . . . . . 6 . 
2 . . . . . 5 . . . . . 2 . 7 . 8 . 6 6 2 3 . . . . 8 . . . 
9 . 7 . . . . . 6 . 6 . . . 7 . . . . . 9 . . . . 5 . 5 . 2 
. . . . . . . . . . . . . . . . . . . . . . . . . . 4 . . . 
8 . . . . . . . . . . . . 9 . . . 7 . . . . . 3 2 . . . 2 . 
. . . . 9 . . . . . . . 0 4 . . . . . 1 . . 5 . . . . 9 . . 
. 1 . . 7 . . . . . . 1 3 . . 3 2 . . . 4 . . . . . . . 8 . 
4 . . . . . 9 7 1 8 . . . . . 9 . . 3 . . . 6 . 6 4 . . . 7 
. 2 4 2 . . . . 4 2 . . 5 . . 6 . . 7 . . 1 5 . . . . . 8 . 
. . . 2 . . . 2 . . . 9 . 1 . . . . . 9 5 . . . 5 . 9 . . . 
. 2 . . 6 5 . . . . . . . . . . . . . . . . . . . . . . 9 . 
3 . . . . . . . . . . . 9 . . 3 . 2 . . . . . . 8 . . . . . 
6 7 8 11 16 19 25 
7 11 14 16 20 25 
12 23
1 7 10 14 18 22 29 
0 2 14 18 25 26 
12 23
3 5 12 17 19 25 26 
4 . . . . 4 . 8 4 2 . 5 . . . . 9 . . . . 6 . . . . . . . . 
. . . . . . . . 3 . . . . . . 2 . 5 . . . . . . . . . . . . 
. . . 7 . . . . . 8 . . . . . . 8 . . . . . . 2 . . . . . . 
. 5 . . . . . 1 . . . 4 . . . . . . 7 . . . . 7 . . . 4 . . 
. 3 . 7 6 . . . . . . . 5 5 6 . . . . . . . . . . . . 3 . . 
4 . . . . . . 6 . . . . . . . . . . 4 . . 3 . . . . . . 7 . 
3 . 1 . . . 3 . . . . . . . . . . . . 3 . . . . . . . . . . 
8 . . 8 . . 9 . 8 . . 8 . . . 6 . 8 . . . . . 3 . 9 3 8 . . 
. . . . . . 9 . . . 3 . . . . . 1 . . . . . 3 . 9 . 8 . . . 
. . . . 6 6 . 3 . . 7 . . 1 . . . . . 5 . . 7 2 . . . . . . 
. . . . . . . . . . . . . . . . . 6 . . 7 5 . . 4 . . . . . 
. 5 . 5 . . 6 . . . . . . . . . . . 4 . . 7 5 . . 6 . 9 1 . 
. . 8 3 . . . . . . 3 . . . . . . . 4 . . . . . . . . . . . 
2 . . . . . . . . . . 9 . . . . . . . . . . . . 6 . . . . 2 
. . 8 . . . . . . 1 . . . . . . . 1 . . . . . . . 5 . . . . 
. . . . . . . 2 . . 4 . . . . . . . . . . . . . 9 . . 6 . . 
. . 1 . . 7 3 4 . . . . 5 . 8 6 2 . . 7 . 3 . 4 . 5 . . . . 
. . . 1 . 6 . . 8 . . . . . 3 . 9 . 3 . . . . 1 . . . . . . 
. . . . 6 . . . . 4 8 . . . . . . 9 . . 1 . . . . . . . 6 . 
2 . . . . . 5 . . . . . 2 . 7 . 8 . 6 6 2 3 . . . . 8 . . . 
9 . 7 7 . . . . 6 . 6 . . . 7 . . . . . 9 . . . . 5 . 5 . 2 
. . . . . . . . . . . . . . . . . . . . . . . . . . 4 . . . 
8 . . . . . . . . . . . . 9 . . . 7 . . . . . 3 2 . . . 2 . 
. . . . 9 . . . . . . . 0 . . . . . . 1 . . 5 . . . . . . . 
. 1 . . 7 . . . . . . 1 3 . . 3 2 . . . 4 . . . . . . . 8 . 
4 . . . . . 9 . 1 8 . . . . . 9 . . 3 . . . 6 . 6 4 . . . 7 
. 2 4 2 . . . . 4 2 . . 5 . . 6 . . 7 . . 1 5 . . . . . 8 . 
. . . 2 . . . 2 . . 3 9 . 1 . . . . . 9 5 . . . 5 . 9 . . . 
. 2 . . 6 5 . . . . . . . . . . . . . . . . . . . . . . 9 . 
3 . . . . . . . . . . . 9 . . 3 . 2 . . . . . . 8 . . . . . 
8 10 13 15 22 25 27 29 
12 23
6 12 14 16 19 20 26 
4 . . . . 4 . 8 4 2 . 5 . . . . 9 . . . . 6 . . . . . . . . 
. . . . . . . . 3 . . . . . . 2 . 5 . . . . . . . . . . . . 
. . . 7 . . . . . 8 . . . . . . 8 . . . . . . 2 . . . . . . 
. 5 . . . . . 1 . . . 4 . . . . . . . . . . . 7 . . . 4 . . 
. 3 . 7 6 . . . . . . . 5 5 6 . . . . . . . . . . . . 3 . . 
4 . . . . . . 6 . . . . . . . . . . 4 . . 3 . . . . . . 7 . 
3 . 1 . . . 3 . . . . . . . . . . . . 3 . . . . . . . . . . 
8 . . 8 . . 9 . 8 . . 8 . . . 6 . 8 . . . . . 3 . 9 3 8 . . 
. . . . . . 9 . . . 3 . . . . . 1 . . . . . 3 . 9 . 8 . . . 
. . . . . 6 . 3 . . 7 . . 1 . . . . . 5 . . 7 2 . . . . . . 
. . . . . . . . . . . . . . . . . 6 . . 7 5 . . 4 . . . . . 
. 5 . 5 . . 6 . . . . . . . . . . . 4 . . 7 5 . . 6 . 9 1 . 
. . 8 3 . . . . . . 3 . . . . . . . 4 . . . . . . . . . . . 
2 . . . . . . . . . . 9 . . . . . . . . . . . . 6 . . . . 2 
. . 8 . . . . . . 1 . . . 8 . . . 1 . . . . . . . 5 . . . . 
. . . . . . . 2 . . 4 . . . . . . . . . . . . . 9 . . 6 . . 
. . 1 . . 7 3 4 . . . . 5 . 8 6 2 . . 7 . 3 . 4 . 5 . . . . 
. . . 1 . 6 . . 8 . . . . . 3 . 9 . 3 . . . . 1 . . . . . . 
. . . . 6 . . . . 4 8 . . . . . . 9 . . 1 . . . . . . . 6 . 
2 . 1 . . . 5 . . . . . 2 . 7 . 8 . 6 6 2 3 . . . . 8 . . . 
9 . 7 7 . . . . 6 . 6 . . . 7 . . . . . 9 . . . . 5 . 5 . 2 
. . . . . . . . . . . . . . . . . . . . . . . . . . 4 . . . 
8 . . . . . . . . . . . . 9 . . . 7 . . . . . 3 2 . . . 2 . 
. . . . 9 . . . . . . . 0 . . . . . . 1 . . 5 . . . . . . . 
. 1 . . 7 . . . . . . 1 3 . . 3 2 . . . 4 . . . . . . . 8 . 
4 . . . . . 9 . 1 8 . . . . . 9 . . 3 . . . 6 . 6 4 . . . 7 
. 2 4 2 . . . . 4 2 . . 5 . . 6 . . 7 . . 1 5 . . . . . 8 . 
. . . 2 . . . 2 . . 3 9 . 1 . . . . . 9 5 . . . 5 . 9 . . . 
. 2 . . 6 5 . . . . . . . . . . . . . . . . . . . . . . 9 . 
3 . . . . . . . . . . . 9 . . 3 . 2 . . . . . . 8 . . . . . 
6 12 14 16 19 20 26 
12 23
12 23
0 3 5 9 15 16 27 
2 4 7 11 12 17 20 26 27 
12 23
12 23
4 . . . . 4 . 8 4 2 . 5 . . . . 9 . . . . 6 . . . . . . . . 
. . . . 6 . . . 3 . . . . . . 2 . 5 . . . 3 . . 8 . . . . . 
. . . 7 . . . . . 8 . . . . . . 8 . . . . . . 2 . . . . . . 
. 5 . . . . . 1 . . . 4 . . . . . . . . . 6 . 7 . . . 4 . . 
. 3 . 7 6 . . . . 8 . . 5 5 6 . . . . . . . . . . . . 3 . . 
4 . . . . . . 6 . . . . . . . . . . 4 . . 3 . . . . . . 7 . 
3 . 1 . . . 3 . . . . . . . . . . . . 3 . . . . . . . . . . 
8 . . 8 . . 9 . 8 . . 8 . . . 6 . 8 . . . . . 3 . 9 3 8 . . 
. . . . . . 9 . . . 3 . . . . . 1 . . . . . . . 9 . 8 . . . 
. . . . . 6 . 3 . . 7 . . . . . . . . 5 . . 7 2 . . . . . . 
. . . . . . . . . . . . . . . . . 6 . . 7 . . . 4 . . . . . 
. 5 . 5 . . 6 . . . . . . . . . . . 4 . . 7 5 . . 6 . 9 1 . 
. . 8 3 . . . . . . 3 . . . . . . . 4 . . . . . . . . . . . 
2 . . . . . . . . . . 9 . . . . 9 . . . . . . . 6 . . . . 2 
. . 8 . . . . . . 1 . 6 . 8 . . . 1 . . . . . . . 5 . . . . 
5 . . . . . . 2 . . 4 . . . . . . . . . . . . . 9 . . 6 . . 
. . 1 . . 7 3 4 . . . . 5 . 8 6 2 . . 7 . 3 . 4 . 5 . . . . 
. . . 1 . 6 . . 8 . . . . . 3 . 9 . 3 . . . . 1 . . . . . . 
. . . . 6 . . . . 4 8 . . . . . . 9 . . 1 1 . . . . . . . . 
2 . 1 . . . 5 . . . . . 2 . 7 . 8 . 6 6 2 3 . . . . 8 . . . 
9 . 7 7 . . . . 6 . 6 . . . 7 . . . . . 9 . . . . 5 . 5 . 2 
. . . . . . . . . . . . . . . . . . . . . . . . . . 4 . . . 
8 . . . . . . . . . . . 9 9 . . . 7 . . . . . 3 2 . . . 2 . 
. . . . 9 . . . . . . . 0 4 . . . . . 1 . . 5 . . . . . . . 
. 1 . . 7 . . . . . 5 1 3 . . 3 2 . . . 4 . . . . . . . 8 . 
4 . . . . . 9 . 1 8 . . . . . 9 . . 3 . . . 6 . 6 4 . . . 7 
. 2 4 2 . . . . 4 2 . . 5 . . 6 . . 7 . . 1 5 . . . . . 8 . 
. . . 2 . . . 2 . . . 9 . 1 . . . . . 9 5 . . . 5 . 9 . . . 
. 2 . . 6 5 . . . . . . . . . . . . . . . . . . . . . . 9 . 
3 . . . . . . . . . . . 9 . . 3 . . . . . . . 5 8 . . . . . 
3 4 7 11 15 20 
5 11 22 24 26 28 
4 . . . . 4 . 8 4 2 . 5 . . . . 9 . . . . 6 . . . . . . . . 
. . . . 6 . . . 3 . . . . . . 2 . 5 . . . 3 8 . 8 . . . . . 
. . . 7 . . . . . 8 . . . . . . 8 . . . . . . 2 . . . . . . 
. 5 . . . . . 1 . . . 4 . . . . . . . . . 6 . 7 . . . 4 . . 
. 3 . 7 6 . . . . 8 . . 5 5 6 . . . . . . . . . . . . 3 . . 
4 . . . . . . 6 . . . . . . . . . . 4 . . 3 . . . . . . 7 . 
3 . 1 . . . 3 . . . . . . . . . . . . 3 . . . . . . . . . . 
8 . . 8 . . 9 . 8 . . 8 . . . 6 . 8 . . . . . 3 . 9 3 8 . . 
. . . . . . 9 . . . 3 . . . . . 1 . . . . . . . 9 . 8 . . . 
. . . . . 6 . 3 . . 7 . . . . . . . . 5 . . 7 2 . . . . . . 
. . . . . . . . . . . . . . . . . 6 . . 7 . . . 4 . . . . . 
. 5 . 5 . . 6 . . . . . . . . . . . 4 . . 7 5 . . 6 . 9 1 . 
. . 8 3 . . . . . . 3 . . . . . . . 4 . . . . 1 . . . . . . 
2 . . . . . . . . . . 9 . . . . 9 . . . . . . . 6 . . . . 2 
. . 8 . . . . . . 1 . . . 8 . . . 1 . . . . . . . 5 . . . . 
5 . . . . . . 2 . . 4 . . . . . . . . . 1 . . . 9 . . 6 . . 
. . 1 . . 7 3 4 . . . . 5 . 8 6 2 . . 7 . 3 . 4 . 5 . . . . 
. . . 1 . 6 . . 8 . . . . . 3 . 9 . 3 . . . . 1 . . . . . . 
. . . . 6 . . . . 4 8 . . . . . . . . . 1 . . . . . . . . . 
2 . 1 . . . 5 . . . . . 2 . 7 . 8 . 6 6 2 3 . . . . 8 . . . 
9 . 7 7 . . . . 6 . 6 . . . 7 . . . . . 9 . . . . 5 . 5 . 2 
. . . . . . . . . . . . . . . . . . . 6 . . . . . . 4 . . . 
8 . . . . . . . . . . . 9 9 . . . 7 . . . . . 3 2 . . . 2 . 
. . . . 9 . . . . . . . 0 4 . . . . . 1 . . 5 . . . . . . . 
. 1 . . 7 . . . . . 5 1 3 . . 3 2 . . . 4 . . . . . . . 8 . 
4 . . . . . 9 . 1 8 . . . . . 9 . . 3 . . . 6 . 6 4 . . . 7 
. 2 4 2 . . 6 . 4 2 . . 5 . . 6 . . 7 . . 1 5 . . . . . 8 . 
. . . . . . . 2 . . . 9 . 1 . . . . . 9 5 . . . 5 . 9 . . . 
. 2 . . 6 5 . . . . . . . . . . . . . . . . . . . . . . 9 . 
3 . . . . . . . . . . . 9 . . 3 . . . . . . . 5 8 . . . . . 
4 . . . . 4 . 8 4 2 . 5 . . . . 9 . . . . 6 . . . . . . . . 
. . . . 6 . . . 3 . . . . . . 2 . 5 . . . 3 8 . 8 . . . . . 
. . . 7 . . . . . 8 . . . . . . 8 . . . . . . 2 . . . . . . 
. 5 . . . . . 1 . . . 4 . . . . . . . . . 6 . 7 . . . 4 . . 
. 3 . 7 6 . . . . 8 . . 5 5 6 . . . . . . . . . . . . 3 . . 
4 . . . . . . 6 . . . . . . . . . . 4 . . 3 . . . . . . 7 . 
3 . 1 . . . 3 . . . . . . . . . . . . 3 . . . . . . . . . . 
8 . . 8 . . 9 . 8 . . 8 . . . 6 . 8 . . . . . 3 . 9 3 8 . . 
. . . . . . 9 . . . 3 . . . . . 1 . . . . . . . 9 . 8 . . . 
. . . . . 6 . 3 . . 7 . . . . . . . . 5 . . 7 2 . . . . . . 
. . . . . . . . . . . . . . . . . 6 . . 7 . . . 4 . . . . . 
. 5 . 5 . . 6 . . . . . . . . . . . 4 . . 7 5 . . 6 . 9 1 . 
. . 8 . . . . . . . 3 . . . . . . . 4 . . . . 1 . . . . . . 
2 . . . . . . . . . . 9 . . . . 9 . . . . . . . 6 . . . . 2 
. . 8 . . . . . . 1 . . . 8 . . . 1 . . . . . . . 5 . . . . 
5 . . . . . . 2 . . 4 . . . . . . . . . 1 . . . 9 . . 6 . . 
. . 1 . . 7 3 4 . . . . 5 . 8 6 2 . . 7 . 3 . 4 . 5 . . . . 
. . . 1 . 6 . . 8 . . . . . 3 . 9 . 3 . . . . 1 . . . . . . 
. . . . 6 . . . . 4 8 . . . . . . . . . 1 . . . . . . . . . 
2 . 1 . . . 5 . . . . . 2 . 7 . 8 . 6 6 2 3 . . . . 8 . . . 
9 . 7 7 . . . . 6 . 6 . . . 7 . . . . . 9 . . . . 5 . 5 . 2 
. . . . . . . . . . . . . . . . . . . 6 . . . . . . 4 . . . 
8 . . . . . . . . . . . 9 9 . . . 7 . . . . . 3 2 . . . 2 . 
. . . . 9 . . . . . . . 0 4 . . . . . 1 . . 5 . . . . . . . 
. 1 . . 7 . . . . . 5 1 3 . . 3 2 . . . 4 . . . . . . . 8 . 
4 . . . . . 9 . 1 8 . . . . . 9 . . 3 . . . 6 . 6 4 . . . 7 
. 2 4 2 . . 6 . 4 2 . . 5 . . 6 . . 7 . . 1 5 . . . . . 8 . 
. . . . . . . 2 . . . 9 . 1 . . . . . 9 5 . . . 5 . 9 . . . 
. 2 . . 6 5 . . . . . . . . . . . . . . . . . . . . . . 9 . 
3 . . . . . . . . . . . 9 . . 3 . . . . . . . 5 8 . . . . . 
6 12 14 16 19 20 26 
4 . . . . 4 . 8 4 2 . 5 . . . . 9 . . . . 6 . . . . . . . . 
. . . . 6 . . . 3 . . . . . . 2 . 5 . . . 3 8 . 8 . . . . . 
. . . 7 . . . . . 8 . . . . . . 8 . . . . . . 2 . . . . . . 
. 5 . . . . . 1 . . . 4 . . . . . . . . . 6 . 7 . . . 4 . . 
. 3 . 7 6 . . . . 8 . . 5 5 6 . . . . . . . . . . . . 3 . . 
4 . . . . . . 6 . . . . . . . . . . 4 . . 3 . . . . . . 7 . 
3 . 1 . . . 3 . . . . . . . . . . . . 3 . . . . . . . . . . 
8 . . 8 . . 9 . 8 . . 8 . . . 6 . 8 . . . . . 3 . 9 3 8 . . 
. . . . . . 9 . . . 3 . . . . . 1 . . . . . . . 9 . 8 . . . 
. . . . . 6 . 3 . . 7 . . . . . . . . 5 . . 7 2 . . . . . . 
. . . . . . . . . . . . . . . . . 6 . . 7 . . . 4 . . . . . 
. 5 . 5 . . 6 . . . . . . . . . . . 4 . . 7 5 . . 6 . 9 1 . 
. . 8 . . . . . . . 3 . . . . . . . 4 . . . . 1 . . . . . . 
2 . . . . . . . . . . 9 . . . . 9 . . . . . . . 6 . . . . 2 
. . 8 . . . . . . 1 . . . 8 . . . 1 . . . . . . . 5 . . . . 
5 . . . . . . 2 . . 4 . . . . . . . . . 1 . . . 9 . . 6 . . 
. . 1 . . 7 3 4 . . . . 5 . 8 6 2 . . 7 . 3 . 4 . 5 . . . . 
. . . 1 . 6 . . 8 . . . . . 3 . 9 . 3 . . . . 1 . . . . . . 
2 . . . 6 . . . . 4 8 . . . . . . . . . 1 . . . . . . . . . 
2 . 1 . . . 5 . . . . . 2 . 7 . 8 . 6 6 2 3 . . . . 8 . . . 
9 . 7 7 . . . . 6 . 6 . . . 7 . . . . . 9 . . . . 5 . 5 . 2 
. . . . . . . . . . . . . . . . . . . 6 . . . . . . 4 . . . 
8 . . . . . . . . . . . 9 9 . . . 7 . . . . . 3 2 . . . 2 . 
. . . . 9 . . . . . . . 0 4 . . . . . 1 . . 5 . . . . . . . 
. 1 . . 7 . . . . . 5 1 3 . . 3 2 . . . 4 . . . . . . . 8 . 
4 . . . . . 9 . 1 8 . . . . . 9 . . 3 . . . 6 . 6 4 . . . 7 
. 2 4 2 . . 6 . 4 2 . . . . . 6 . . 7 . . 1 5 . . . . . 8 . 
. . . . . . . 2 . . . . . 1 . . . . . 9 5 . . . 5 . 9 . . . 
. 2 . . 6 5 . . . . . . . . . . . . . . . . . . . . . . 9 . 
3 . . . . . . . . . . . 9 . . 3 . . . . . . . 5 8 . . . . . 
0 3 5 9 15 16 27 
0 3 7 13 24 
3 4 7 11 15 20 
4 . . . . 4 . 8 4 2 . 5 . . . . 9 . . . . 6 . . . . . . . . 
. . . . 6 . . . 3 . . . . . . 2 . 5 . . . 3 8 . 8 . . . . . 
. . . 7 . . . . . 8 . . . . . . 8 . . . . . . 2 . . . . . . 
. 5 . . . . . 1 . . . 4 . . . . . . . . . 6 . 7 . . . 4 . . 
. 3 . 7 6 . . . . 8 . . 5 5 6 . . . . . . . . . . . . 3 . . 
4 . . . . . . 6 . . . . . . . . . . 4 . . 3 . . . . . . . . 
3 . 1 . . . 3 . . . . . . . . . . . . 3 . . . . . . . . . . 
8 . . 8 . . 9 . 8 . . 8 . . . 6 . 8 . . . . . 3 . 9 3 8 . . 
. . . . . . 9 . . . 3 . . . . . 1 . . . . . . . 9 . 8 . . . 
. . . . . 6 . 3 . . 7 . . . . . . . . 5 . . 7 2 . . . . . . 
. . . . . . . . . . . . . . . . . 6 . . 7 . . . 4 . . . . . 
. 5 . 5 . . 6 . . . . . . . . . . . 4 . . 7 5 . . 6 . 9 1 . 
. . 8 . . . . . . . 3 . . . . . . . 4 . . . . 1 . . . . . . 
2 . . . . . . . . . . 9 . . . . 9 . . . . . . 3 6 . . . . 2 
. . 8 . . . . . . 1 . . . 8 . . . 1 . . . . . . . 5 . . . . 
5 . . . . . . 2 . . 4 . . . . . . . . . 1 . . . 9 . . 6 . . 
. . 1 . . 7 3 4 . . . . 5 . 8 6 2 . . 7 . 3 . 4 . 5 . . . . 
. . . 1 . 6 . . 8 . . . . . 3 . 9 . 3 . . . . 1 . . . . . . 
2 . . . 6 . . . . 4 8 . . . . . . . . . 1 . . . . . . . . . 
. . 1 . . . 5 . . . . . 2 . 7 . 8 . 6 6 2 3 . . . . 8 . . . 
9 . 7 7 . . . . 6 . 6 . . . 7 . . . . . 9 . . . . 5 . 5 . 2 
. . . . . . . . . . . . . . . . . . . 6 . . . . . . 4 . . . 
8 . . . . . . . . . . . 9 9 . . . 7 . . . . . 3 2 . . . 2 . 
. . . . 9 . . . . . . . 0 4 . . . . . 1 . . 5 . . . . . . . 
. 1 . . 7 . . . . . 5 1 3 . . 3 2 . . . 4 . . . . . . . 8 . 
4 . . . . . 9 . 1 8 . . . . . 9 . . 3 . . . 6 . 6 4 . . . 7 
. 2 4 2 . . 6 . 4 2 . . . . . 6 . . 7 . . 1 5 . . . . . 8 . 
. . . . . . . 2 . . . . . 1 . . . . . 9 5 . . . 5 . 9 . . . 
. 2 . . 6 5 . . . . . . . . . . . . . . . . . . . . . . 9 . 
3 . . . . . . . . . . . 9 . . 3 . . . . . . . 5 8 . . . . . 
12 23
12 23
7 11 14 16 20 25 
12 23
12 23
4 . . . . 4 . 8 4 2 . 5 . . . . 9 . . . . 6 . . . . . . . . 
. . . . 6 . . . 3 . . . . . . 2 . 5 . . . 3 8 . 8 . . . . . 
. . . 7 . . . . . 8 . . . . . . 8 . . . . . . 2 . . . . . . 
. 5 . . . . . 1 . . . 4 . . . . . . . . . 6 . 7 . . . 4 . . 
. 3 . 7 6 . . . . 8 . . . 5 6 . . . . . . . . . . . . 3 . . 
4 . . . . . . 6 . . . . . . . . . . 4 . . 3 . . . . . . . . 
3 . 1 . . . 3 . . . . . . 1 . . . . . 3 . . . . . . . . . . 
8 . . 8 . . 9 . 8 . . 8 . . . 6 . 8 . . . . . 3 . 9 3 8 . . 
. . . . . . 9 . . . 3 . . . . . 1 . . . . . . . 9 . 8 . . . 
. . . . . 6 . 3 . . 7 . . . . . . . . 5 . . 7 2 . . . . . . 
. . . . . . . . . . . . . . . . . 6 . . 7 . . . 4 . . . . . 
. 5 . 5 . . 6 . . . . . . . . . . . 4 . . 7 5 . . 6 . 9 1 . 
. . 8 . . . . . . . 3 . . . . . . . 4 . . . . 1 . . . . . . 
2 . . . . . . . . . . 9 . . . . 9 . . . . . . 3 6 . . . . 2 
. . 8 . . . . . . 1 . . . 8 . . . 1 . . . . . . . 5 . . . . 
5 . . . . . . 2 . . 4 . . . . . . . . . 1 . . . 9 . . 6 . . 
. . 1 . . 7 3 4 . . . . 5 . 8 6 2 . . 7 . 3 . 4 . 5 . . . . 
. . . 1 . 6 . . 8 . . . . . 3 . 9 . 3 . . . . 1 . . . . . . 
2 . . . 6 . . . . 4 8 . . . . . . . . . 1 . . . . . . . . . 
. . 1 . . . 5 . . . . . 2 . 7 . 8 . 6 6 2 3 . . . . 8 . . . 
9 . 7 7 . . . . 6 . 6 . . . 7 . . . . . 9 . . . . 5 . 5 . 2 
. . . . . . . . . . . . . . . . . . . 6 . . . . . . 4 . . . 
8 . . . . . . . . . . . 9 9 . . . 7 . . . . . 3 2 . . . 2 . 
. . . . 9 . . . . . . . 0 4 . . . . . 1 . . 5 . . . . . . . 
. 1 . . 7 . . . . . 5 1 3 . . 3 2 . . . 4 . . . . . . . 8 . 
4 . . . . . 9 . 1 8 . . . . . 9 . . 3 . . . 6 . 6 4 . . . 7 
. 2 4 2 . . 6 . 4 2 . . . . . 6 . . 7 . . 1 5 . . . . . 8 . 
. . . . . . . 2 . . . . . 1 . . . . . 9 5 . . . 5 . 9 . . . 
. 2 . . 6 5 . . . . . . . . . . . . . . . . . . . . . . 9 . 
3 . . . . . . . . . . . 9 . . 3 . . . . . . . 5 8 . . . . . 
0 1 3 5 11 16 19 26 
1 9 11 23 25 26 
4 . . . . 4 . 8 4 2 . 5 . . . . 9 . . . . 6 . . . . . . . . 
. . . . 6 . . . 3 . . . . . . 2 . 5 . . . 3 8 . 8 . . . . . 
. . . 7 . . . . . 8 . . . . . . 8 . . . . . . 2 . . . . . . 
. 5 . . . . . 1 . . . 4 . . . . . . . . . 6 . 7 . . . 4 . . 
. 3 . 7 6 . . . . 8 . . . 5 6 . . . . . . . . . . . . 3 . . 
4 . . . . . . 6 . . . . . . . . . . 4 . . 3 . . . . . . . . 
3 . 1 . . . 3 . . . . . . 1 . . . . . 3 . . . . . . . . . . 
8 . . 8 . . 9 . 8 . . 8 . . . 6 . 8 . . . . . 3 . 9 3 8 . . 
. . . . . . 9 . . . 3 . . . . . 1 . . . . . . . 9 . 8 . . . 
. . . . . 6 . 3 . . 7 . . . . . . . . 5 . . 7 2 . . . . . . 
. . . . . . . . . . . . . . . . . 6 . . 7 . . . 4 . . . . . 
. 5 . 5 . . 6 . . . . . . . . . . . 4 . . 7 5 . . 6 . 9 1 . 
. . 8 . . . . . . . 3 . . . . . . . 4 . . . . 1 . . . . . . 
2 . . . . . . . . . . 9 . . . . 9 . . . . . . 3 6 . . . . 2 
. . 8 . . . . . . 1 . . . 8 . . . 1 . . . . . . . 5 . . . . 
5 . . . . . . 2 . . 4 . . . . . . . . . 1 . . . 9 . . 6 . . 
. . 1 . . 7 3 4 . . . . 5 . 8 6 2 . . 7 . 3 . 4 . 5 . . . . 
. . . 1 . 6 . . 8 . . . . . 3 . 9 . 3 . . . . 1 . . . . . . 
2 . . . 6 . . . . 4 8 . . . . . . . . . 1 . . . . . . . . . 
. . 1 . . . 5 . . . . . 2 . 7 . 8 . 6 6 2 3 . . . . 8 . . . 
9 . 7 7 . . . . 6 . 6 . . . 7 . . . . . 9 . . . . 5 . 5 . 2 
. . . . . . . . . . . . . . . . . . . 6 . . . . . . 4 . . . 
8 . . . . . . . . . . . 9 9 . . . 7 . . . . . 3 2 . . . 2 . 
. . . . 9 . . . . . . . 0 4 . . . . . 1 . . 5 . . . . . . . 
. 1 . . 7 . . . . . 5 1 3 . . 3 2 . . . 4 . . . . . . . 8 . 
4 . . . . . 9 . 1 8 . . . . . 9 . . 3 . . . 6 . 6 4 . . . 7 
. 2 4 2 . . 6 . 4 2 . . . . . 6 . . 7 . . 1 5 . . . . . 8 . 
. . . . . . . 2 . . . . . 1 . . . . . 9 5 . . . 5 . 9 . . . 
. 2 . . 6 5 . . . . . . . . . . . . . . . . . . . . . . 9 . 
3 . . . . . . . . . . . 9 . . 3 . . . . . . . 5 8 . . . . . 
4 . . . . 4 . 8 4 2 . 5 . . . . 9 . . . . 6 . . . . . . . . 
. . . . 6 . . . 3 . . . . . . 2 . 5 . . . 3 8 . 8 . . . . . 
. . . 7 . . . . . 8 . . . . . . 8 . . . . . . 2 . . . . . . 
. 5 . . . . . 1 . . . 4 . . . . . . . . . 6 . 7 . . . 4 . . 
. 3 . 7 6 . . . . 8 . . . 5 6 . . . . . . . . . . . . 3 . . 
4 . . . . . . 6 . . . . . . . . . . 4 . . 3 . . . . . . . . 
3 . 1 . . . 3 . . . . . . 1 . . . . . 3 . . . . . . . . . . 
8 . . 8 . . 9 . 8 . . 8 . . . 6 . 8 . . . . . 3 . 9 3 8 . . 
. . . . . . 9 . . . 3 . . . . . 1 . . . . . . . 9 . 8 . . . 
. . . . . 6 . 3 . . 7 . . . . . . . . 5 . . 7 2 . . . . . . 
. . . . . . . . . . . . . . . . . 6 . . 7 . . . 4 . . . . . 
. 5 . 5 . . 6 . . . . . . . . . . . 4 . . 7 5 . . 6 . 9 1 . 
. . 8 . . . . . . . 3 . . . . . . . 4 . . . . 1 . . . . . . 
2 . . . . . . . . . . 9 . . . . 9 . . . . . . 3 6 . . . . 2 
. . 8 . . . . . . 1 . . . 8 . . . 1 . . . . . . . 5 . . . . 
5 . . . . . . 2 . . 4 . . . . . . . . . 1 . . . 9 . . 6 . . 
. . 1 . . 7 3 4 . . . . 5 . 8 6 2 . . 7 . 3 . 4 . 5 . . . . 
. . . 1 . 6 . . 8 . . . . . 3 . 9 . 3 . . . . 1 . . . . . . 
2 . . . 6 . . . . 4 8 . . . . . . . . . 1 . . . . . . . . . 
. . 1 . . . 5 . . . . . 2 . 7 . 8 . 6 6 2 3 . . . . 8 . . . 
9 . 7 7 . . . . 6 . 6 . . . 7 . . . . . 9 . . . . 5 . 5 . 2 
. . . . . . . . . . . . . . . . . . . 6 . . . . . . 4 . . . 
8 . . . . . . . . . . . 9 9 . . . 7 . . . . . 3 2 . . . 2 . 
. . . . 9 . . . . . . . 0 4 . . . . . 1 . . 5 . . . . . . . 
. 1 . . 7 . . . . . 5 1 3 . . 3 2 . . . 4 . . . . . . . 8 . 
4 . . . . . 9 . 1 8 . . . . . 9 . . 3 . . . 6 . 6 4 . . . 7 
. 2 4 2 . . 6 . 4 2 . . . . . 6 . . 7 . . 1 5 . . . . . 8 . 
. . . . . . . 2 . . . . . 1 . . . . . 9 5 . . . 5 . 9 . . . 
. 2 . . 6 5 . . . . . . . . . . . . . . . . . . . . . . 9 . 
3 . . . . . . . . . . . 9 . . 3 . . . . . . . 5 8 . . . . . 
12 23
4 . . . . 4 . 8 4 2 . 5 . . . . 9 . . . . 6 . . . . . . . . 
. . . . 6 . . . 3 . . . . . . 2 . 5 . . . 3 8 . 8 . . . . . 
. . . 7 . . . . . 8 . . . . . . 8 . . . . . . 2 . . . . . . 
. 5 . . . . . 1 . . . 4 . . . . . . . . . 6 . 7 . . . 4 . . 
. 3 . 7 6 . . . . 8 . . . 5 6 . . . . . . . . . . . . 3 . . 
4 . . . . . . 6 . . . . . . . . . . 4 . . 3 . . . . . . . . 
3 . 1 . . . 3 . . . . . . 1 . . . . . 3 . . . . . . . . . . 
8 . . 8 . . 9 . 8 . . 8 . . . 6 . 8 . . . . . 3 . 9 3 8 . . 
. . . . . . 9 . . . 3 . . . . . 1 . . . . . . . 9 . 8 . . . 
. . . . . 6 . 3 . . 7 . . . . . . . . 5 . . 7 2 . . . . . . 
. . . . . . . . . . . . . . . . . 6 . . 7 . . . 4 . . . . . 
. 5 . 5 . . 6 . . . . . . . . . . . 4 . . 7 5 . . 6 . 9 1 . 
. . 8 . . . . . . . 3 . . . . . . . 4 . . . . 1 . . . . . . 
2 . . . . . . . . . . 9 . . . . 9 . . . . . . 3 6 . . . . 2 
. . 8 . . . . . . 1 . . . 8 . . . 1 . . . . . . . 5 . . . . 
5 . . . . . . 2 . . 4 . . . . . . . . . 1 . . . 9 . . 6 . . 
. . 1 . . 7 3 4 . . . . 5 . 8 6 2 . . 7 . 3 . 4 . 5 . . . . 
. . . 1 . 6 . . 8 . . . . . 3 . 9 . 3 . . . . 1 . . . . . . 
2 . . . 6 . . . . 4 8 . . . . . . . . . 1 . . . . . . . . . 
. . 1 . . . 5 . . . . . 2 . 7 . 8 . 6 6 2 3 . . . . 8 . . . 
9 . 7 7 . . . . 6 . 6 . . . 7 . . . . . 9 . . . . 5 . 5 . 2 
. . . . . . . . . . . . . . . . . . . 6 . . . . . . 4 . . . 
8 . . . . . . . . . . . 9 9 . . . 7 . . . . . 3 2 . . . 2 . 
. . . . 9 . . . . . . . 0 4 . . . . . 1 . . 5 . . . . . . . 
. 1 . . 7 . . . . . 5 1 3 . . 3 2 . . . 4 . . . . . . . 8 . 
4 . . . . . 9 . 1 8 . . . . . 9 . . 3 . . . 6 . 6 4 . . . 7 
. 2 4 2 . . 6 . 4 2 . . . . . 6 . . 7 . . 1 5 . . . . . 8 . 
. . . . . . . 2 . . . . . 1 . . . . . 9 5 . . . 5 . 9 . . . 
. 2 . . 6 5 . . . . . . . . . . . . . . . . . . . . . . 9 . 
3 . . . . . . . . . . . 9 . . 3 . . . . . . . 5 8 . . . . . 
12 23
4 . . . . 4 . 8 4 2 . 5 . . . . 9 . . . . 6 . . . . . . . . 
. . . . 6 . . . 3 . . . . . . 2 . 5 . . . 3 8 . 8 . . . . . 
. . . 7 . . . . . 8 . . . . . . 8 . . . . . . 2 . . . . . . 
. 5 . . . . . 1 . . . 4 . . . . . . . . . 6 . 7 . . . 4 . . 
. 3 . 7 6 . . . . 8 . . . 5 6 . . . . . . . . . . . . 3 . . 
4 . . . . . . 6 . . . . . . . . . . 4 . . 3 . . . . . . . . 
3 . 1 . . . 3 . . . . . . 1 . . . . . 3 . . . . . . . . . . 
8 . . 8 . . 9 . 8 . . 8 . . . 6 . 8 . . . . . 3 . 9 3 8 . . 
. . . . . . 9 . . . 3 . . . . . 1 . . . . . . . 9 . 8 . . . 
. . . . . 6 . 3 . . 7 . . . . . . . . 5 . . 7 2 . . . . . . 
. . . . . . . . . . . . . . . . . 6 . . 7 . . . 4 . . . . . 
. 5 . 5 . . 6 . . . . . . . . . . . 4 . . 7 5 . . 6 . 9 1 . 
. . 8 . . . . . . . 3 . . . . . . . 4 . . . . 1 . . . . . . 
2 . . . . . . . . . . 9 . . . . 9 . . . . . . 3 6 . . . . 2 
. . 8 . . . . . . 1 . . . 8 . . . 1 . . . . . . . 5 . . . . 
5 . . . . . . 2 . . 4 . . . . . . . . . 1 . . . 9 . . 6 . . 
. . 1 . . 7 3 4 . . . . 5 . 8 6 2 . . 7 . 3 . 4 . 5 . . . . 
. . . 1 . 6 . . 8 . . . . . 3 . 9 . 3 . . . . 1 . . . . . . 
2 . . . 6 . . . . 4 8 . . . . . . . . . 1 . . . . . . . . . 
. . 1 . . . 5 . . . . . 2 . 7 . 8 . 6 6 2 3 . . . . 8 . . . 
9 . 7 7 . . . . 6 . 6 . . . 7 . . . . . 9 . . . . 5 . 5 . 2 
. . . . . . . . . . . . . . . . . . . 6 . . . . . . 4 . . . 
8 . . . . . . . . . . . 9 9 . . . 7 . . . . . 3 2 . . . 2 . 
. . . . 9 . . . . . . . 0 4 . . . . . 1 . . 5 . . . . . . . 
. 1 . . 7 . . . . . 5 1 3 . . 3 2 1 . . 4 . . . . . . . 8 . 
4 . . . . . 9 . 1 8 . . . . . 9 . . 3 . . . 6 . 6 4 . . . . 
. 2 4 2 . . 6 . 4 2 . . . . . 6 . . 7 . . 1 5 . . . . . 8 . 
. . . . . . . 2 . . . . . 1 . . . . . 9 5 . . . 5 . 9 . . . 
. 2 . . 6 5 . . . . . . . . . . . 3 . . . . . . . . . . 9 . 
3 . . . . . . . . . . . 9 . . 3 . . . . . . . 5 8 . . . . . 
12 23
4 . . . . 4 . 8 4 2 . 5 . . . . 9 . . . . 6 . . . . . . . . 
. . . . 6 . . . 3 . . . . . . 2 . 5 . . . 3 8 . 8 . . . . . 
. . . 7 . . . . . 8 . . . . . . 8 . . . . . . 2 . . . . . . 
. 5 . . . . . 1 . . . 4 . . . . . . . . . 6 . 7 . . . 4 . . 
. 3 . 7 6 . . . . 8 . . . 5 6 . . . . . . . . . . . . 3 . . 
4 . . . . . . 6 . . 8 . . . . . . . 4 . . 3 . . . . . . . . 
3 . 1 . . . 3 . . . . . . 1 . . . . . 3 . . . . . . . . . . 
8 . . 8 . . 9 . 8 . . 8 . . . 6 . 8 . . . . . 3 . 9 3 8 . . 
. . . . . . 9 . . . 3 . . . . . 1 . . . . . . . 9 . 8 . . . 
. . . . . 6 . 3 . . 7 . . . . . . . . 5 . . 7 2 . . 7 . . . 
. . . . . . . . . . . . . . . . . 6 . . 7 . . . 4 . . . . . 
. 5 . 5 . . 6 . . . . . . . . . . . 4 . . 7 5 . . 6 . 9 1 . 
. . 8 . . . . . . . 3 . . . . . . . 4 . . . . 1 . . . . . . 
2 . . . . . . . . . . 9 . . . . 9 . . . . . . 3 6 . . . . 2 
. . 8 . . . . . . 1 . . . 8 . . . . . . . . . . . 5 . . . . 
5 . . . . . . 2 . . 4 . . . . . . . . . 1 . . . 9 . . 6 . . 
. . 1 . . 7 3 4 . . . . 5 . 8 6 2 . . 7 . 3 . 4 . 5 . . . . 
. . . 1 . 6 . . 8 . . . . . 3 . 9 . 3 . . . . 1 . . . . . . 
2 . . . 6 . . . . 4 8 . . . 5 . . . . . 1 . . . . . . . . . 
. . 1 . . . 5 . . . . . 2 . 7 . 8 . 6 6 2 3 . . . . 8 . . . 
9 . 7 7 . . . . 6 . 6 . . . 7 . . . . . 9 . . . . 5 . 5 . 2 
. . . . . . . . . . . . . . . . . . . 6 . . . . . . 4 . . . 
8 . . . . . . . . . . . 9 9 . . . 7 . . . . . 3 2 . . . 2 . 
. . . . 9 . . . . . . . 0 4 . . . . . 1 . . . . . . . . . . 
. 1 . . 7 . . . . . 5 1 3 . . 3 2 1 . . 4 . . . . . . . 8 . 
4 . . . . . 9 . 1 8 . . . . . 9 . . 3 . . . 6 . 6 4 . . . . 
. 2 4 2 . . 6 . 4 2 . . . . . 6 . . 7 . . 1 5 . . . . . 8 . 
. . . . . . . 2 . . . . . 1 . . . . . 9 5 . . . 5 . 9 . . . 
. 2 . . 6 5 . . . . . . . . . . . 3 . . . . . . . . . . 9 . 
3 . . . . . . . . . . . 9 . . 3 . . . . . . . 5 8 . . . . . 
4 . . . . 4 . 8 4 2 . 5 . . . . 9 . . . . 6 . . . . . . . . 
. . . . 6 . . . 3 . . . . . . 2 . 5 . . . 3 8 . 8 . . . . . 
. . . 7 . . . . . 8 . . . . . . 8 . . . . . . 2 . . . . . . 
. 5 . . . . . 1 . . . 4 . . . . . . . . . 6 . 7 . . . 4 . . 
. 3 . 7 6 . . . . 8 . . . 5 6 . . . . . . . . . . . . 3 . . 
4 . . . . . . 6 . . 8 . . . . . . . 4 . . 3 . . . . . . . . 
3 . 1 . . . 3 . . . . . . 1 . . . . . 3 . . . . . . . . . . 
8 . . 8 . . 9 . 8 . . 8 . . . 6 . 8 . . . . . 3 . 9 3 8 . . 
. . . . . . 9 . . . 3 . . . . . 1 . . . . . . . 9 . 8 . . . 
. . . . . 6 . 3 . . 7 . . . . . . . . 5 . . 7 2 . . 7 . . . 
. . . . . . . . . . . . . . . . . 6 . . 7 . . . 4 . . . . . 
. 5 . 5 . . 6 . . . . . . . . . . . 4 . . 7 5 . . 6 . 9 1 . 
. . 8 . . . . . . . 3 . . . . . . . 4 . . . . 1 . . . . . . 
2 . . . . . . . . . . 9 . . . . 9 . . . . . . 3 6 . . . . 2 
. . 8 . . . . . . 1 . . . 8 . . . . . . . . . . . 5 . . . . 
5 . . . . . . 2 . . 4 . . . . . . . . . 1 . . . 9 . . 6 . . 
. . 1 . . 7 3 4 . . . . 5 . 8 6 2 . . 7 . 3 . 4 . 5 . . . . 
. . . 1 . 6 . . 8 . . . . . 3 . 9 . 3 . . . . 1 . . . . . . 
2 . . . 6 . . . . 4 8 . . . 5 . . . . . 1 . . . . . . . . . 
. . 1 . . . 5 . . . . . 2 . 7 . 8 . 6 6 2 3 . . . . 8 . . . 
9 . 7 7 . . . . 6 . 6 . . . 7 . . . . . 9 . . . . 5 . 5 . 2 
. . . . . . . . . . . . . . . . . . . 6 . . . . . . 4 . . . 
8 . . . . . . . . . . . 9 9 . . . 7 . . . . . 3 2 . . . 2 . 
. . . . 9 . . . . . . . 0 4 . . . . . 1 . . . . . . . . . . 
. 1 . . 7 . . . . . 5 1 3 . . 3 2 1 . . 4 . . . . . . . 8 . 
4 . . . . . 9 . 1 8 . . . . . 9 . . 3 . . . 6 . 6 4 . . . . 
. 2 4 2 . . 6 . 4 2 . . . . . 6 . . 7 . . 1 5 . . . . . 8 . 
. . . . . . . 2 . . . . . 1 . . . . . 9 5 . . . 5 . 9 . . . 
. 2 . . 6 5 . . . . . . . . . . . 3 . . . . . . . . . . 9 . 
3 . . . . . . . . . . 9 9 . . 3 . . . . . . . 5 8 . . . . . 
0 2 4 14 18 25 26 
12 23
2 4 7 11 17 20 26 
4 . . . . 4 . 8 4 2 . 5 . . . . 9 . . . . 6 . . . . . . . . 
. . . . 6 . . . 3 . . . . . . 2 . 5 . . . 3 8 . 8 . . . . . 
. . . 7 . . . . . 8 . . . . . . . . . . . . . 2 . . . . . . 
. 5 . . . . . 1 . . . 4 . . . . . . . . . 6 . 7 . . . 4 . . 
. 3 . 7 6 . . . . 8 . . . 5 6 . . . . . . . . . . . . 3 . . 
4 . . . . . . 6 . . 8 . . . . . . . 4 . . 3 . . . . . . . . 
3 . 1 . . . 3 . . . . . . 1 . . . . . 3 . . . . . . . . . . 
8 . . 8 . . 9 . 8 . . 8 . . . 6 . 8 . . . . . 3 . 9 3 8 . . 
. . . . . . 9 . . . 3 . . . . . 1 . . . . . . . 9 . 8 . . . 
. . . . . 6 . 3 . . 7 . . . . . . . . 5 . . 7 2 . . 7 . . . 
. . . . . . . . . . . . . . . . . 6 . . 7 . . . 4 . . . . . 
. 5 . 5 . . 6 . . . . . . . . . . . 4 . . 7 5 . . 6 . 9 1 . 
. . 8 . . . . . . . 3 . . . . . . . 4 . . . . 1 . . . . . . 
2 . . . . . . . . . . 9 . . . . 9 . . . . . . 3 6 . . . . 2 
. . 8 . . . . . . 1 . . . 8 . . . . . . . . . . . 5 . . . . 
5 . . . . . . 2 . . 4 . . . . . . . . . 1 . . . 9 . . 6 . . 
. . 1 . . 7 3 4 . . . . 5 . 8 6 2 . . 7 . 3 . 4 . 5 . . . . 
. . . 1 . 6 . . 8 . . . . . 3 . 9 . 3 . . . . 1 . . . . . . 
2 . . . 6 . . . . 4 8 . . . 5 . . . . . 1 . . . . . . . . . 
. . 1 . . . 5 . . . . . 2 . 7 . 8 . 6 6 2 3 . . . . 8 . . . 
9 . 7 7 . . . . 6 . 6 . . . 7 . . . . . 9 . . . . 5 . 5 . 2 
. . . . . . . . . . . . . . . . . . . 6 . 6 . . . . 4 . . . 
8 . . . . . . . . . . . 9 9 . . . 7 . . . . . 3 2 . . . 2 . 
. . . . 9 . . . . . . . 0 4 . . . . . 1 . . . . . . . . . . 
. 1 . . 7 . . . . . 5 1 3 . . 3 2 1 . . 4 . . . . . . . 8 . 
4 . . . . . 9 . 1 8 . . . . . 9 . . 3 . . . 6 . 6 4 . . . . 
. 2 4 2 . . 6 . 4 2 . . . . . 6 . . 7 . . 1 5 . . . . . 8 . 
. . . . . . . 2 . . . . . 1 . . . . . 9 5 . . . 5 . 9 . . . 
. 2 . . 6 5 . . . . . . . . . . . 3 . . . . . . . . . . 9 . 
3 . . . . . . . . . . 9 9 . . 3 . . . . 2 . . 5 8 . . . . . 
12 23
12 23
4 . . . . 4 3 8 . . . . . 2 . 5 . . 2 . 9 . 8 . . 4 . . . 3 
. . . 5 3 . . . . . . 5 . . . . . . . . . . . . 1 . 2 . 2 . 
. . . . . . 1 . . . . . 8 . 8 . 1 . . 1 . . . . . . 4 . . . 
. . 7 . 7 . . 8 . . . 5 . . . . . 1 . . 7 . . . . . 2 . . . 
. 6 . . 6 . . . . . . . . . . . . . 6 . . . . 9 7 . . . 6 . 
4 . . . . . . . . 6 . . . . . . 7 6 . . . . . . . . . . 5 . 
. . . . . . 3 9 9 . . 6 . . . . 3 . . 5 . . . . . 9 6 . . . 
8 . . 1 . 6 . . . 3 . . . . . 2 4 . . . . . . . . . . 2 . . 
4 3 . . . . . 8 . . . . . . . . . 8 . . 6 . . . . 1 4 . . . 
2 . 8 . 8 . . . . . . . . . 1 . . . 4 . . . . . . 8 2 . . . 
. . . . . 8 . . 3 7 . . 3 . . 4 . . 8 . 6 . . . 5 . . . . . 
5 . . 4 . . . 8 . . . . . 9 . . . . . . . . . . 1 . . . . 9 
. . . . . . . . . . . . . . . . 5 . . 2 . . 9 0 3 . . . . 9 
. . . . 5 . 1 . . . . . . . 8 . . . . . . . 9 4 . . . . . . 
. . . . 6 . . . . . . . . . . . 8 3 5 7 7 . . . . . . . . . 
. 2 . . . . . 6 . . . . . . . . 6 . . . . . . . 3 9 6 . . 3 
9 . . . . . . . 1 . . . . 9 . . 2 9 . 8 . . . . 2 . . . . . 
. 5 . . . . . 8 . . 6 . . . . . . . . . . . 7 . 1 . . . 3 . 
. . . . . 4 . . . . . 4 4 . . . . 3 . 6 . . . . . 3 7 . . . 
. . . . . . 3 . . 5 . . . . . . 7 . . 6 . 6 . 1 . . . 9 . . 
. . . . . . . . . . 7 . . . . 1 . . 1 2 9 . . . 4 . . 5 . 2 
6 3 . 6 . 3 . . . . . 7 . . . . 3 . . 3 . 6 . . . . 1 . . . 
. 8 . . . . . . . 7 . 5 . . . . . . . . . . . . . 6 5 . . . 
. . . 7 . . . 3 . 2 . . 1 3 . . 4 1 . . . . 3 . . . . . . 5 
. 8 . . . . . . 9 . 4 . . 6 . 9 . . . . . . 2 . . 6 . 5 . 8 
. . . . . . . 9 . . . 6 . . 5 . 5 . . . 5 . . . . 4 . . . . 
. . . . . . . 3 8 7 1 . . . . . . . . 8 . 4 . . . . . 9 . . 
. . . 4 3 . . 8 . . . 9 . . . 6 . . . . 5 . . . . . . . . . 
. . . . . . . . . . . 1 . . . . . . . . . . 2 . 8 . 8 . 9 . 
. . . . . . . . . . . . . 2 . . . . . . 2 . . . . . . . . . 
4 . . . . 4 . 8 4 2 . 5 . . . . 9 . . . . 6 . . . . . . . . 
. . . . 6 . . . 3 . . . . . . 2 . 5 . . . 3 8 . 8 . . . . . 
. . . 7 . . . . . 8 . . . . . . . . . . . . . . . . . . . . 
. 5 . . . . . 1 . . . 4 . . . . . . . . . 6 . 7 . . . 4 . . 
. 3 . 7 6 . . . . 8 . . . 5 6 . . . . . . . . . . . . 3 . . 
4 . . . . . . 6 . . 8 . . . . . . . 4 . . 3 . . . . . . . . 
3 . 1 . . . 3 . . . . . . 1 . . . . . 3 . . . . . . . . . . 
8 . . 8 . . 9 . 8 . . 8 . . . 6 . 8 . . . . . 3 . 9 3 8 . . 
. . . . . . 9 . . . 3 . . . . . 1 . . . . . . . 9 . 8 . . . 
. . . . . 6 . 3 . . 7 . . . . . . . . 5 . . 7 2 . . 7 . . . 
. . . . . . . . . . . . . . . . . 6 . . 7 . . . 4 . 1 . . . 
. 5 . 5 . . 6 . . . . . . . . . . . 4 . . 7 5 . . 6 . 9 1 . 
. . 8 . . . . . . . 3 . . . . . . . 4 . . . . 1 . . . . . . 
2 . . . . . . . . . . 9 . . . . 9 . . . . . . 3 6 . . . . 2 
. . 8 . . . . . . 1 . . . 8 . . . . . . . . . . . 5 . . . . 
5 . . . . . . 2 . . 4 . . . . . . . . . 1 . . . 9 . . 6 . . 
. . 1 . . 7 3 4 . . . . 5 . 8 6 2 . . 7 . 3 . 4 . 5 . . . . 
. . . 1 . 6 . . 8 . . . . . 3 . 9 . 3 . . . . 1 . . . . . . 
2 . . . 6 . . . . 4 8 . . . 5 . . . . . 1 . . . . . . . . . 
. . 1 . . . 5 . . . . . 2 . 7 . 8 . 6 6 2 3 . . . . 8 . . . 
9 . . 7 . . . . 6 . 6 . . . 7 . . . . . 9 . . . . 5 . 5 . 2 
. . . . . . . . . . . . . . . . . . . 6 . 6 . . . . 4 . . . 
8 . . . . . . . . . . . 9 9 . . . 7 . . . . . 3 2 . . . 2 . 
. . . . 9 . . . . . . . 0 4 . . . . . 1 . . . . . . . . . . 
. 1 . . 7 . . . . . 5 1 3 . . 3 2 1 . . 4 . . . . . . . 8 . 
4 . . . . . 9 . 1 8 . . . . . 9 . . 3 . . . 6 . 6 4 . . . . 
. 2 4 2 . . 6 . 4 2 . . . . . 6 . . 7 . . 1 5 . . . . . 8 . 
. . . . . . . 2 . . . . . . . . . . . 9 5 . . . 5 . 9 . . . 
. 2 . . 6 5 . . . . . . . . . . . 3 . . . . . . . . . . 9 . 
3 . . . . . . . . . . 9 9 . . 3 . . . . 2 . . 5 8 . . . . . 
