0. 3(8) 4(4) 9(7) 16(5) 20(4) 27(5) 28(7) 
1. 0(6) 2(3) 9(6) 16(5) 19(5) 28(8) 29(3) 
2. 3(8) 10(8) 12(8) 13(3) 21(6) 25(5) 28(6) 
3. 0(4) 15(7) 18(7) 21(2) 22(3) 25(1) 27(3) 
4. 0(4) 2(5) 3(5) 7(6) 8(4) 16(2) 22(7) 
5. 4(5) 7(8) 19(1) 20(8) 21(8) 24(3) 29(3) 
6. 7(3) 8(4) 15(4) 17(6) 20(2) 21(4) 26(4) 
7. 1(2) 4(5) 5(9) 6(9) 8(0) 15(4) 21(6) 
8. 0(1) 5(9) 11(4) 13(7) 16(1) 18(7) 19(5) 
9. 3(2) 6(9) 8(6) 13(9) 19(3) 20(5) 23(2) 
10. 0(7) 5(2) 6(9) 13(9) 25(8) 26(6) 29(6) 
11. 0(5) 8(5) 9(2) 10(1) 20(6) 22(2) 29(9) 
12. 7(7) 13(9) 14(7) 18(2) 19(3) 20(6) 29(2) 
13. 10(6) 13(5) 18(8) 21(5) 27(3) 28(3) 29(1) 
14. 6(2) 8(2) 9(3) 12(6) 13(3) 21(3) 26(4) 
15. 0(6) 12(2) 14(3) 18(4) 20(1) 22(8) 26(2) 
16. 0(2) 7(9) 8(4) 15(2) 19(3) 20(2) 28(4) 
17. 6(8) 10(3) 12(9) 16(8) 22(2) 26(9) 29(6) 
18. 2(4) 4(9) 7(3) 9(7) 14(8) 21(5) 29(6) 
19. 0(4) 1(5) 3(5) 5(6) 13(8) 24(1) 26(5) 
20. 5(4) 13(4) 16(3) 21(5) 23(7) 26(5) 27(5) 
21. 4(2) 5(9) 9(5) 15(6) 16(6) 21(8) 27(4) 
22. 1(1) 4(7) 6(3) 12(2) 15(6) 16(5) 25(5) 
23. 5(8) 7(6) 9(3) 12(8) 16(8) 25(3) 29(9) 
24. 2(5) 3(5) 14(5) 17(4) 18(5) 25(5) 26(4) 
25. 0(8) 1(8) 3(1) 7(1) 11(8) 23(4) 29(8) 
26. 2(6) 10(1) 12(2) 14(8) 26(4) 28(7) 29(9) 
27. 1(4) 8(2) 11(4) 13(5) 15(6) 23(7) 27(3) 
28. 3(8) 4(5) 5(3) 12(6) 22(8) 25(8) 28(4) 
29. 6(4) 10(8) 17(8) 20(4) 21(7) 23(3) 29(7) 
7 8 15 17 20 21 26 
10 13 18 21 27 28 29 
7 8
7 8
0. 1(6) 3(4) 4(4) 8(1) 10(7) 11(5) 15(6) 16(2) 19(4) 25(8) 29(3) 
1. 7(2) 19(5) 22(1) 25(8) 27(4) 
2. 1(3) 4(5) 18(4) 24(5) 26(6) 
3. 0(8) 2(8) 4(5) 9(2) 19(5) 24(5) 25(1) 28(8) 
4. 0(4) 5(5) 7(5) 18(9) 21(2) 22(7) 28(5) 
5. 7(9) 8(9) 10(2) 19(6) 20(4) 21(9) 23(8) 28(3) 
6. 7(9) 9(9) 10(9) 14(2) 17(8) 22(3) 29(4) 
7. 4(6) 5(8) 6(3) 12(7) 16(9) 18(3) 23(6) 25(1) 
8. 4(4) 6(4) 7(0) 9(6) 11(5) 14(2) 16(4) 27(2) 
9. 0(7) 11(2) 14(3) 18(7) 21(5) 23(3) 24(6) 
10. 2(8) 11(1) 13(6) 17(3) 26(1) 29(8) 
11. 8(4) 25(8) 27(4) 
12. 2(8) 14(6) 15(2) 17(9) 22(2) 23(8) 26(2) 28(6) 
13. 2(3) 8(7) 9(9) 10(9) 12(9) 13(5) 14(3) 19(8) 20(4) 27(5) 
14. 12(7) 15(3) 18(8) 24(5) 26(8) 
15. 3(7) 6(4) 7(4) 16(2) 21(6) 22(6) 27(6) 
16. 0(5) 1(5) 4(2) 8(1) 17(8) 20(3) 21(6) 22(5) 23(8) 
17. 6(6) 24(4) 29(8) 
18. 3(7) 8(7) 12(2) 13(8) 15(4) 24(5) 
19. 1(5) 5(1) 8(5) 9(3) 12(3) 16(3) 
20. 0(4) 5(8) 6(2) 9(5) 11(6) 12(6) 15(1) 16(2) 29(4) 
21. 2(6) 3(2) 5(8) 6(4) 7(6) 13(5) 14(3) 18(5) 20(5) 21(8) 29(7) 
22. 3(3) 4(7) 11(2) 15(8) 17(2) 28(8) 
23. 9(2) 20(7) 25(4) 27(7) 29(3) 
24. 5(3) 19(1) 
25. 2(5) 3(1) 10(8) 22(5) 23(3) 24(5) 28(8) 
26. 6(4) 10(6) 14(4) 15(2) 17(9) 19(5) 20(5) 24(4) 26(4) 
27. 0(5) 3(3) 13(3) 20(5) 21(4) 27(3) 
28. 0(7) 1(8) 2(6) 13(3) 16(4) 24(8) 26(7) 28(4) 
29. 1(3) 5(3) 10(6) 11(9) 12(2) 13(1) 17(6) 18(6) 23(9) 25(8) 26(9) 29(7) 
7 8
0 2 3 7 8 10 16 22 
0. 1(6) 3(4) 4(4) 8(1) 10(7) 11(5) 15(6) 16(2) 19(4) 25(8) 29(3) 
1. 7(2) 19(5) 22(1) 25(8) 27(4) 
2. 1(3) 4(5) 18(4) 24(5) 26(6) 
3. 0(8) 2(8) 4(5) 9(2) 19(5) 24(5) 25(1) 28(8) 
4. 0(4) 5(5) 7(5) 18(9) 21(2) 22(7) 28(5) 
5. 7(9) 8(9) 19(6) 20(4) 21(9) 23(8) 28(3) 
6. 7(9) 9(9) 10(9) 14(2) 17(8) 22(3) 29(4) 
7. 4(6) 5(8) 6(3) 12(7) 16(9) 18(3) 23(6) 25(1) 
8. 4(4) 6(4) 7(0) 9(6) 11(5) 14(2) 16(4) 27(2) 
9. 0(7) 11(2) 14(3) 18(7) 21(5) 23(3) 24(6) 
10. 2(8) 4(4) 11(1) 13(6) 17(3) 26(1) 29(8) 
11. 8(4) 25(8) 27(4) 
12. 2(8) 14(6) 15(2) 17(9) 22(2) 23(8) 26(2) 28(6) 
13. 2(3) 8(7) 9(9) 10(9) 12(9) 13(5) 14(3) 19(8) 20(4) 27(5) 
14. 12(7) 15(3) 18(8) 24(5) 26(8) 
15. 3(7) 6(4) 7(4) 16(2) 21(6) 22(6) 27(6) 
16. 0(5) 1(5) 4(2) 8(1) 17(8) 20(3) 21(6) 22(5) 23(8) 
17. 6(6) 24(4) 29(8) 
18. 3(7) 8(7) 12(2) 13(8) 15(4) 24(5) 
19. 1(5) 5(1) 8(5) 9(3) 12(3) 16(3) 
20. 0(4) 5(8) 6(2) 9(5) 11(6) 12(6) 15(1) 16(2) 29(4) 
21. 2(6) 3(2) 5(8) 6(4) 7(6) 13(5) 14(3) 18(5) 20(5) 21(8) 29(7) 
22. 3(3) 4(7) 11(2) 15(8) 17(2) 28(8) 
23. 9(2) 20(7) 25(4) 27(7) 29(3) 
24. 5(3) 19(1) 
25. 2(5) 3(1) 10(8) 22(5) 23(3) 24(5) 28(8) 
26. 6(4) 10(6) 14(4) 15(2) 17(9) 19(5) 20(5) 24(4) 26(4) 
27. 0(5) 3(3) 13(3) 20(5) 21(4) 27(3) 
28. 0(7) 1(8) 2(6) 13(3) 16(4) 24(8) 26(7) 28(4) 
29. 1(3) 5(3) 10(6) 11(9) 12(2) 13(1) 17(6) 18(6) 23(9) 25(8) 26(9) 29(7) 
0. 1(6) 3(4) 4(4) 8(1) 10(7) 11(5) 15(6) 16(2) 19(4) 25(8) 29(3) 
1. 7(2) 19(5) 22(1) 25(8) 27(4) 
2. 1(3) 4(5) 18(4) 24(5) 26(6) 
3. 0(8) 2(8) 4(5) 9(2) 19(5) 24(5) 25(1) 28(8) 
4. 0(4) 5(5) 7(5) 18(9) 21(2) 22(7) 28(5) 
5. 7(9) 8(9) 19(6) 20(4) 21(9) 23(8) 28(3) 
6. 7(9) 9(9) 10(9) 14(2) 17(8) 22(3) 29(4) 
7. 4(6) 5(8) 6(3) 12(7) 16(9) 18(3) 23(6) 25(1) 
8. 4(4) 6(4) 7(0) 9(6) 11(5) 14(2) 16(4) 27(2) 
9. 0(7) 11(2) 14(3) 18(7) 21(5) 23(3) 24(6) 
10. 2(8) 4(4) 11(1) 13(6) 17(3) 26(1) 29(8) 
11. 8(4) 25(8) 27(4) 
12. 2(8) 14(6) 15(2) 17(9) 22(2) 23(8) 26(2) 28(6) 
13. 2(3) 8(7) 9(9) 10(9) 12(9) 13(5) 14(3) 19(8) 20(4) 27(5) 
14. 12(7) 15(3) 18(8) 24(5) 26(8) 
15. 3(7) 6(4) 7(4) 16(2) 21(6) 22(6) 27(6) 
16. 0(5) 1(5) 4(2) 8(1) 17(8) 20(3) 21(6) 22(5) 23(8) 
17. 6(6) 24(4) 29(8) 
18. 3(7) 8(7) 12(2) 13(8) 15(4) 24(5) 
19. 1(5) 5(1) 8(5) 9(3) 12(3) 16(3) 
20. 0(4) 5(8) 6(2) 9(5) 11(6) 12(6) 15(1) 16(2) 29(4) 
21. 2(6) 3(2) 5(8) 6(4) 7(6) 13(5) 14(3) 18(5) 20(5) 21(8) 29(7) 
22. 3(3) 4(7) 11(2) 15(8) 17(2) 28(8) 
23. 9(2) 20(7) 25(4) 27(7) 29(3) 
24. 5(3) 19(1) 
25. 2(5) 3(1) 10(8) 22(5) 23(3) 24(5) 28(8) 
26. 6(4) 10(6) 14(4) 15(2) 17(9) 19(5) 20(5) 24(4) 26(4) 
27. 0(5) 3(3) 13(3) 20(5) 21(4) 27(3) 
28. 0(7) 1(8) 2(6) 13(3) 16(4) 24(8) 26(7) 28(4) 
29. 1(3) 5(3) 10(6) 11(9) 12(2) 13(1) 17(6) 18(6) 23(9) 25(8) 26(9) 29(7) 
6 10 12 16 22 26 29 
2 4 7 9 21 29 
3 4 5 12 22 25 28 
0 2 16 19 28 29 
7 8
7 8
7 8
7 8 15 17 20 21 26 
2 3 9 14 17 18 21 25 26 28 
2 10 14 26 28 29 
7 8
0 15 18 21 22 25 27 
0 8 15 20 28 
0. 1(6) 3(4) 4(4) 8(1) 10(7) 15(6) 16(2) 19(4) 25(8) 29(3) 
1. 7(2) 19(5) 22(1) 25(8) 26(6) 27(4) 
2. 1(3) 4(5) 18(4) 24(5) 26(6) 
3. 0(8) 2(8) 4(5) 9(2) 19(5) 25(1) 28(8) 
4. 0(4) 5(5) 7(5) 18(9) 21(2) 22(7) 28(5) 
5. 5(5) 7(9) 8(9) 19(6) 20(4) 21(9) 23(8) 28(3) 
6. 7(9) 9(9) 10(9) 14(2) 17(8) 22(3) 29(4) 
7. 4(6) 5(8) 6(3) 12(7) 18(3) 23(6) 25(1) 
8. 4(4) 6(4) 7(0) 11(5) 14(2) 16(4) 27(2) 
9. 0(7) 14(3) 18(7) 21(5) 23(3) 24(6) 
10. 2(8) 4(4) 11(1) 13(6) 17(3) 26(1) 29(8) 
11. 8(4) 13(7) 25(8) 27(4) 
12. 2(8) 14(6) 15(2) 17(9) 22(2) 23(8) 28(6) 
13. 2(3) 8(7) 9(9) 10(9) 12(9) 13(5) 14(3) 19(8) 20(4) 27(5) 
14. 12(7) 14(7) 15(3) 24(5) 26(8) 29(4) 
15. 3(7) 6(4) 7(4) 16(2) 19(8) 21(6) 22(6) 27(6) 
16. 0(5) 1(5) 4(2) 8(1) 17(8) 20(3) 21(6) 22(5) 23(8) 
17. 6(6) 24(4) 29(8) 
18. 3(7) 8(7) 12(2) 13(8) 24(5) 
19. 1(5) 5(1) 8(5) 9(3) 12(3) 
20. 0(4) 5(8) 6(2) 9(5) 11(6) 12(6) 14(5) 15(1) 16(2) 
21. 2(6) 3(2) 5(8) 6(4) 7(6) 14(3) 18(5) 20(5) 21(8) 24(3) 29(7) 
22. 3(3) 4(7) 11(2) 15(8) 17(2) 28(8) 
23. 9(2) 20(7) 25(4) 27(7) 29(3) 
24. 5(3) 19(1) 
25. 2(5) 3(1) 22(5) 23(3) 24(5) 28(8) 
26. 2(4) 6(4) 10(6) 14(4) 17(9) 19(5) 20(5) 24(4) 25(5) 26(4) 
27. 0(5) 3(3) 12(1) 13(3) 20(5) 21(4) 22(8) 
28. 0(7) 1(8) 2(6) 6(7) 13(3) 16(4) 24(8) 26(7) 28(4) 
29. 1(3) 5(3) 10(6) 11(9) 12(2) 13(1) 17(6) 18(6) 21(3) 23(9) 25(8) 26(9) 
7 8
0. 1(6) 3(4) 4(4) 8(1) 10(7) 15(6) 16(2) 19(4) 25(8) 29(3) 
1. 7(2) 19(5) 22(1) 25(8) 26(6) 27(4) 
2. 1(3) 4(5) 18(4) 24(5) 26(6) 
3. 0(8) 2(8) 4(5) 9(2) 19(5) 25(1) 28(8) 
4. 0(4) 5(5) 7(5) 18(9) 21(2) 22(7) 28(5) 
5. 5(5) 7(9) 8(9) 19(6) 20(4) 21(9) 23(8) 28(3) 
6. 7(9) 9(9) 10(9) 14(2) 17(8) 22(3) 29(4) 
7. 4(6) 5(8) 6(3) 12(7) 18(3) 23(6) 25(1) 
8. 4(4) 6(4) 7(0) 11(5) 14(2) 16(4) 27(2) 
9. 0(7) 14(3) 18(7) 21(5) 23(3) 24(6) 
10. 2(8) 4(4) 11(1) 13(6) 17(3) 26(1) 29(8) 
11. 8(4) 13(7) 25(8) 27(4) 
12. 2(8) 14(6) 15(2) 17(9) 22(2) 23(8) 28(6) 
13. 2(3) 8(7) 9(9) 10(9) 12(9) 13(5) 14(3) 19(8) 20(4) 27(5) 
14. 12(7) 14(7) 15(3) 24(5) 26(8) 29(4) 
15. 3(7) 6(4) 7(4) 16(2) 19(8) 21(6) 22(6) 27(6) 
16. 0(5) 1(5) 4(2) 8(1) 17(8) 20(3) 21(6) 22(5) 23(8) 
17. 6(6) 24(4) 29(8) 
18. 3(7) 8(7) 12(2) 13(8) 24(5) 
19. 1(5) 5(1) 8(5) 9(3) 12(3) 
20. 5(8) 6(2) 9(5) 11(6) 12(6) 14(5) 15(1) 16(2) 
21. 2(6) 3(2) 5(8) 6(4) 7(6) 14(3) 18(5) 20(5) 21(8) 24(3) 29(7) 
22. 3(3) 4(7) 11(2) 15(8) 17(2) 28(8) 
23. 9(2) 20(7) 25(4) 27(7) 29(3) 
24. 5(3) 19(1) 25(8) 
25. 2(5) 3(1) 22(5) 23(3) 24(5) 25(6) 28(8) 
26. 2(4) 6(4) 10(6) 14(4) 17(9) 19(5) 20(5) 24(4) 25(5) 26(4) 
27. 0(5) 3(3) 12(1) 13(3) 20(5) 21(4) 22(8) 
28. 0(7) 1(8) 2(6) 6(7) 13(3) 16(4) 24(8) 26(7) 28(4) 
29. 1(3) 5(3) 10(6) 11(9) 12(2) 13(1) 17(6) 18(6) 21(3) 23(9) 25(8) 26(9) 
0 8 15 20 28 
7 8
0. 1(6) 3(4) 4(4) 8(1) 10(7) 16(2) 19(4) 25(8) 29(3) 
1. 7(2) 19(5) 22(1) 25(8) 26(6) 27(4) 
2. 1(3) 4(5) 18(4) 24(5) 26(6) 
3. 0(8) 2(8) 4(5) 9(2) 19(5) 25(1) 28(8) 
4. 0(4) 5(5) 7(5) 18(9) 21(2) 22(7) 28(5) 
5. 3(7) 5(5) 7(9) 8(9) 19(6) 20(4) 21(9) 23(8) 28(3) 
6. 7(9) 9(9) 10(9) 14(2) 17(8) 22(3) 29(4) 
7. 5(8) 6(3) 12(7) 18(3) 23(6) 25(1) 
8. 4(4) 6(4) 7(0) 11(5) 14(2) 16(4) 27(2) 
9. 0(7) 4(3) 14(3) 18(7) 21(5) 23(3) 24(6) 
10. 2(8) 4(4) 11(1) 13(6) 17(3) 26(1) 29(8) 
11. 8(4) 13(7) 25(8) 27(4) 
12. 2(8) 14(6) 15(2) 17(9) 22(2) 23(8) 28(6) 
13. 2(3) 8(7) 9(9) 10(9) 12(9) 13(5) 14(3) 19(8) 20(4) 27(5) 
14. 12(7) 14(7) 15(3) 24(5) 26(8) 29(4) 
15. 3(7) 4(2) 6(4) 7(4) 16(2) 19(8) 21(6) 22(6) 27(6) 
16. 0(5) 1(5) 4(2) 17(8) 20(3) 21(6) 22(5) 23(8) 
17. 6(6) 24(4) 29(8) 
18. 3(7) 8(7) 12(2) 13(8) 24(5) 
19. 1(5) 8(5) 9(3) 12(3) 13(7) 
20. 5(8) 6(2) 9(5) 11(6) 12(6) 14(5) 15(1) 16(2) 
21. 2(6) 3(2) 5(8) 6(4) 7(6) 14(3) 18(5) 20(5) 21(8) 22(8) 24(3) 29(7) 
22. 3(3) 4(7) 11(2) 17(2) 28(8) 
23. 9(2) 20(7) 25(4) 27(7) 29(3) 
24. 5(3) 19(1) 25(8) 
25. 2(5) 3(1) 22(5) 23(3) 24(5) 25(6) 28(8) 
26. 2(4) 6(4) 10(6) 14(4) 19(5) 20(5) 24(4) 25(5) 26(4) 
27. 0(5) 3(3) 12(1) 13(3) 20(5) 21(4) 22(8) 
28. 0(7) 1(8) 2(6) 6(7) 13(3) 16(4) 24(8) 26(7) 28(4) 
29. 1(3) 5(3) 10(6) 11(9) 12(2) 13(1) 17(6) 18(6) 21(3) 23(9) 25(8) 26(9) 
0 5 15 18 21 22 25 27 
7 8
7 8
7 8
7 8
2 4 7 9 21 29 
7 8
7 8
0 3 5 8 9 10 15 16 22 
0 3 5 8 9 10 15 16 22 
0. 1(6) 3(4) 4(4) 10(7) 16(2) 19(4) 25(8) 29(3) 
1. 7(2) 19(5) 22(1) 25(8) 26(6) 27(4) 
2. 1(3) 18(4) 24(5) 26(6) 
3. 0(8) 2(8) 4(5) 9(2) 19(5) 25(1) 28(8) 
4. 0(4) 5(5) 7(5) 18(9) 21(2) 22(7) 28(5) 
5. 3(7) 4(4) 5(5) 7(9) 8(9) 19(6) 20(4) 21(9) 23(8) 28(3) 
6. 7(9) 9(9) 10(9) 17(8) 22(3) 29(4) 
7. 5(8) 6(3) 12(7) 18(3) 23(6) 25(1) 
8. 4(4) 6(4) 7(0) 11(5) 14(2) 16(4) 27(2) 
9. 0(7) 4(3) 14(3) 18(7) 21(5) 23(3) 24(6) 
10. 2(8) 4(4) 11(1) 13(6) 17(3) 26(1) 29(8) 
11. 8(4) 13(7) 25(8) 27(4) 
12. 2(8) 14(6) 15(2) 17(9) 22(2) 23(8) 28(6) 
13. 2(3) 8(7) 9(9) 10(9) 12(9) 13(5) 14(3) 19(8) 20(4) 27(5) 
14. 12(7) 14(7) 15(3) 24(5) 26(8) 29(4) 
15. 3(7) 4(2) 6(4) 7(4) 16(2) 19(8) 21(6) 22(6) 27(6) 
16. 0(5) 1(5) 4(2) 7(6) 20(3) 21(6) 22(5) 23(8) 
17. 6(6) 24(4) 
18. 3(7) 5(2) 8(7) 12(2) 13(8) 24(5) 
19. 1(5) 8(5) 9(3) 12(3) 13(7) 
20. 5(8) 6(2) 9(5) 11(6) 12(6) 14(5) 15(1) 16(2) 
21. 2(6) 3(2) 5(8) 6(4) 7(6) 14(3) 18(5) 20(5) 21(8) 22(8) 24(3) 29(7) 
22. 3(3) 4(7) 7(3) 11(2) 17(2) 28(8) 
23. 9(2) 20(7) 25(4) 27(7) 29(3) 
24. 5(3) 19(1) 25(8) 
25. 2(5) 3(1) 22(5) 23(3) 24(5) 25(6) 28(8) 
26. 2(4) 6(4) 10(6) 14(4) 19(5) 20(5) 24(4) 25(5) 26(4) 
27. 0(5) 3(3) 7(9) 12(1) 13(3) 20(5) 21(4) 22(8) 
28. 0(7) 1(8) 6(7) 13(3) 16(4) 24(8) 25(3) 26(7) 28(4) 
29. 1(3) 5(3) 10(6) 11(9) 12(2) 13(1) 17(6) 18(6) 21(3) 23(9) 26(9) 
0. 1(6) 3(4) 4(4) 10(7) 16(2) 19(4) 25(8) 29(3) 
1. 7(2) 19(5) 22(1) 25(8) 26(6) 27(4) 
2. 1(3) 18(4) 24(5) 26(6) 
3. 0(8) 2(8) 4(5) 9(2) 19(5) 25(1) 28(8) 
4. 0(4) 5(5) 7(5) 18(9) 21(2) 22(7) 28(5) 
5. 3(7) 4(4) 5(5) 7(9) 8(9) 19(6) 20(4) 21(9) 23(8) 28(3) 
6. 7(9) 9(9) 10(9) 17(8) 22(3) 29(4) 
7. 5(8) 6(3) 12(7) 18(3) 23(6) 25(1) 
8. 4(4) 6(4) 7(0) 11(5) 14(2) 16(4) 27(2) 
9. 0(7) 4(3) 14(3) 18(7) 21(5) 23(3) 24(6) 
10. 2(8) 4(4) 11(1) 13(6) 17(3) 26(1) 29(8) 
11. 8(4) 13(7) 25(8) 27(4) 
12. 2(8) 14(6) 15(2) 17(9) 22(2) 23(8) 28(6) 
13. 2(3) 8(7) 9(9) 10(9) 12(9) 13(5) 14(3) 19(8) 20(4) 27(5) 
14. 12(7) 14(7) 15(3) 24(5) 26(8) 29(4) 
15. 3(7) 4(2) 6(4) 7(4) 16(2) 19(8) 21(6) 22(6) 27(6) 
16. 0(5) 1(5) 4(2) 7(6) 20(3) 21(6) 22(5) 23(8) 
17. 6(6) 24(4) 
18. 3(7) 5(2) 8(7) 12(2) 13(8) 24(5) 
19. 1(5) 8(5) 9(3) 12(3) 13(7) 
20. 5(8) 6(2) 9(5) 11(6) 12(6) 14(5) 15(1) 16(2) 
21. 2(6) 3(2) 5(8) 6(4) 7(6) 14(3) 18(5) 20(5) 21(8) 22(8) 24(3) 29(7) 
22. 3(3) 4(7) 7(3) 11(2) 17(2) 28(8) 
23. 9(2) 20(7) 25(4) 27(7) 29(3) 
24. 5(3) 19(1) 25(8) 
25. 2(5) 3(1) 22(5) 23(3) 24(5) 25(6) 28(8) 
26. 2(4) 6(4) 10(6) 14(4) 19(5) 20(5) 24(4) 25(5) 26(4) 
27. 0(5) 3(3) 7(9) 12(1) 13(3) 20(5) 21(4) 22(8) 
28. 0(7) 1(8) 6(7) 13(3) 16(4) 24(8) 25(3) 26(7) 28(4) 
29. 1(3) 5(3) 10(6) 11(9) 12(2) 13(1) 17(6) 18(6) 21(3) 23(9) 26(9) 
5 13 16 21 23 26 27 
5 13 16 21 23 26 27 
7 8
2 9 14 17 18 21 25 26 28 
5 7 9 12 16 25 29 
2 9 14 17 18 21 25 26 28 
1 10 14 23 26 28 29 
0 8 13 15 20 28 
7 8
1 4 6 12 15 16 21 25 27 
7 8
7 8
7 13 14 18 19 20 27 29 
5 7 9 12 16 25 29 
0 3 5 8 10 15 16 22 
5 9 15 16 21 27 29 
7 8
0. 1(6) 3(4) 4(4) 10(7) 16(2) 19(4) 25(8) 29(3) 
1. 7(2) 19(5) 22(1) 26(6) 27(4) 
2. 1(3) 18(4) 24(5) 27(9) 
3. 0(8) 2(8) 4(5) 9(2) 19(5) 25(1) 28(8) 
4. 0(4) 7(5) 18(9) 22(7) 28(5) 
5. 3(7) 4(4) 5(5) 7(9) 8(9) 19(6) 20(4) 21(9) 23(8) 28(3) 
6. 7(9) 9(9) 10(9) 17(8) 22(3) 29(4) 
7. 5(8) 6(3) 12(7) 18(3) 23(6) 25(1) 
8. 4(4) 6(4) 7(0) 11(5) 14(2) 16(4) 27(2) 
9. 0(7) 14(3) 18(7) 21(5) 23(3) 24(6) 
10. 2(8) 4(4) 11(1) 13(6) 17(3) 20(3) 26(1) 29(8) 
11. 8(4) 13(7) 25(8) 27(4) 
12. 2(8) 14(6) 15(2) 17(9) 22(2) 23(8) 28(6) 
13. 2(3) 8(7) 9(9) 10(9) 12(9) 13(5) 14(3) 16(7) 19(8) 20(4) 27(5) 
14. 12(7) 14(7) 15(3) 26(8) 29(4) 
15. 3(7) 4(2) 6(4) 7(4) 16(2) 19(8) 21(6) 22(6) 27(6) 
16. 0(5) 1(5) 4(2) 7(6) 20(3) 21(6) 22(5) 23(8) 
17. 6(6) 24(4) 
18. 3(7) 5(2) 8(7) 12(2) 13(8) 24(5) 
19. 1(5) 2(2) 8(5) 9(3) 12(3) 13(7) 
20. 5(8) 6(2) 9(5) 11(6) 12(6) 14(5) 15(1) 16(2) 20(9) 
21. 2(6) 3(2) 5(8) 6(4) 7(6) 14(3) 18(5) 20(5) 21(8) 22(8) 24(3) 29(7) 
22. 3(3) 4(7) 7(3) 11(2) 17(2) 28(8) 
23. 9(2) 20(7) 25(4) 26(3) 27(7) 
24. 5(3) 19(1) 25(8) 
25. 2(5) 3(1) 22(5) 23(3) 24(5) 25(6) 28(8) 
26. 2(4) 3(9) 10(6) 14(4) 19(5) 20(5) 24(4) 25(5) 26(4) 
27. 0(5) 3(3) 7(9) 12(1) 13(3) 14(7) 20(5) 21(4) 22(8) 
28. 0(7) 1(8) 6(7) 9(6) 13(3) 16(4) 24(8) 25(3) 26(7) 28(4) 
29. 1(3) 5(3) 10(6) 11(9) 12(2) 17(6) 18(6) 21(3) 23(9) 26(9) 
0. 1(6) 3(4) 4(4) 10(7) 16(2) 19(4) 25(8) 29(3) 
1. 7(2) 19(5) 22(1) 26(6) 27(4) 
2. 1(3) 18(4) 24(5) 27(9) 
3. 0(8) 2(8) 4(5) 9(2) 19(5) 25(1) 28(8) 
4. 0(4) 7(5) 18(9) 22(7) 28(5) 
5. 3(7) 4(4) 5(5) 7(9) 8(9) 19(6) 20(4) 21(9) 23(8) 28(3) 
6. 7(9) 9(9) 10(9) 17(8) 22(3) 29(4) 
7. 5(8) 6(3) 12(7) 18(3) 23(6) 25(1) 
8. 4(4) 6(4) 7(0) 11(5) 14(2) 16(4) 27(2) 
9. 0(7) 14(3) 18(7) 21(5) 23(3) 24(6) 
10. 2(8) 4(4) 11(1) 13(6) 17(3) 20(3) 26(1) 29(8) 
11. 8(4) 13(7) 25(8) 27(4) 
12. 2(8) 14(6) 15(2) 17(9) 22(2) 23(8) 28(6) 
13. 2(3) 8(7) 9(9) 10(9) 12(9) 13(5) 14(3) 16(7) 20(4) 27(5) 
14. 12(7) 14(7) 15(3) 26(8) 29(4) 
15. 3(7) 4(2) 6(4) 7(4) 16(2) 19(8) 21(6) 22(6) 27(6) 
16. 0(5) 1(5) 4(2) 7(6) 20(3) 21(6) 22(5) 23(8) 
17. 6(6) 24(4) 28(1) 
18. 3(7) 5(2) 8(7) 12(2) 13(8) 24(5) 
19. 1(5) 2(2) 8(5) 9(3) 12(3) 13(7) 
20. 5(8) 6(2) 9(5) 11(6) 12(6) 14(5) 15(1) 16(2) 20(9) 
21. 2(6) 3(2) 5(8) 6(4) 7(6) 14(3) 18(5) 20(5) 21(8) 22(8) 24(3) 29(7) 
22. 3(3) 4(7) 7(3) 11(2) 17(2) 28(8) 
23. 9(2) 20(7) 25(4) 26(3) 27(7) 
24. 5(3) 19(1) 25(8) 
25. 2(5) 3(1) 22(5) 23(3) 24(5) 25(6) 28(8) 
26. 2(4) 3(9) 10(6) 14(4) 19(5) 20(5) 24(4) 25(5) 26(4) 
27. 0(5) 3(3) 7(9) 12(1) 13(3) 14(7) 20(5) 21(4) 22(8) 
28. 0(7) 1(8) 6(7) 9(6) 13(3) 16(4) 24(8) 25(3) 26(7) 28(4) 
29. 1(3) 5(3) 10(6) 11(9) 12(2) 17(6) 18(6) 21(3) 23(9) 26(9) 
7 8
7 8
7 8
7 8
7 8
0 3 5 15 18 21 22 25 26 27 
8 9 12 13 20 21 26 27 
7 8
0. 1(6) 3(4) 4(4) 10(7) 16(2) 19(4) 25(8) 29(3) 
1. 7(2) 19(5) 22(1) 26(6) 27(4) 
2. 1(3) 18(4) 24(5) 27(9) 
3. 0(8) 2(8) 3(7) 4(5) 9(2) 19(5) 25(1) 28(8) 
4. 0(4) 7(5) 18(9) 22(7) 28(5) 
5. 3(7) 4(4) 5(5) 7(9) 8(9) 19(6) 20(4) 21(9) 23(8) 28(3) 
6. 7(9) 9(9) 10(9) 17(8) 22(3) 29(4) 
7. 5(8) 6(3) 12(7) 18(3) 23(6) 25(1) 
8. 4(4) 6(4) 7(0) 14(2) 16(4) 27(2) 
9. 0(7) 14(3) 18(7) 21(5) 23(3) 24(6) 
10. 2(8) 4(4) 11(1) 13(6) 17(3) 20(3) 26(1) 29(8) 
11. 1(6) 8(4) 13(7) 25(8) 27(4) 
12. 2(8) 14(6) 15(2) 22(2) 23(8) 28(6) 
13. 2(3) 8(7) 9(9) 10(9) 12(9) 13(5) 14(3) 16(7) 20(4) 27(5) 
14. 1(5) 9(3) 12(7) 15(3) 22(9) 26(8) 29(4) 
15. 3(7) 4(2) 6(4) 7(4) 19(8) 21(6) 22(6) 27(6) 
16. 0(5) 1(5) 4(2) 7(6) 20(3) 21(6) 22(5) 
17. 6(6) 28(1) 
18. 3(7) 5(2) 8(7) 12(2) 13(8) 24(5) 
19. 1(5) 2(2) 8(5) 9(3) 12(3) 13(7) 
20. 5(8) 9(5) 11(6) 12(6) 14(5) 15(1) 16(2) 20(9) 
21. 2(6) 3(2) 5(8) 6(4) 7(6) 14(3) 18(5) 20(5) 21(8) 22(8) 24(3) 27(9) 29(7) 
22. 3(3) 4(7) 7(3) 11(2) 17(2) 28(8) 
23. 9(2) 20(7) 25(4) 27(7) 
24. 5(3) 19(1) 24(1) 25(8) 
25. 2(5) 3(1) 22(5) 23(3) 24(5) 25(6) 28(8) 
26. 2(4) 3(9) 10(6) 14(4) 19(5) 20(5) 24(4) 25(5) 26(4) 
27. 0(5) 3(3) 12(1) 13(3) 14(7) 20(5) 21(4) 22(8) 
28. 1(8) 6(7) 9(6) 16(4) 24(8) 25(3) 26(7) 28(4) 
29. 1(3) 5(3) 10(6) 11(9) 12(2) 17(6) 18(6) 21(3) 23(9) 26(9) 
3 4 9 16 27 
7 8 15 17 21 28 
7 8
1 4 5 6 8 15 16 21 22 
7 8
1 2 5 8 11 13 15 21 23 
3 4 16 27 
7 8
0. 1(6) 3(4) 4(4) 10(7) 16(2) 19(4) 25(8) 29(3) 
1. 7(2) 19(5) 22(1) 26(6) 27(4) 
2. 1(3) 18(4) 19(2) 24(5) 27(9) 
3. 0(8) 2(8) 3(7) 4(5) 9(2) 19(5) 25(1) 28(8) 
4. 0(4) 7(5) 18(9) 22(7) 28(5) 
5. 3(7) 4(4) 5(5) 7(9) 8(9) 19(6) 20(4) 21(9) 27(7) 28(3) 
6. 7(9) 9(9) 10(9) 17(8) 22(3) 
7. 5(8) 6(3) 12(7) 18(3) 23(6) 25(1) 
8. 4(4) 6(4) 7(0) 14(2) 16(4) 27(2) 
9. 14(3) 18(7) 21(5) 23(3) 24(6) 
10. 2(8) 4(4) 11(1) 13(6) 17(3) 20(3) 26(1) 29(8) 
11. 1(6) 8(4) 13(7) 25(8) 27(4) 
12. 2(8) 12(5) 14(6) 22(2) 23(8) 28(6) 
13. 2(3) 4(4) 8(7) 9(9) 10(9) 12(9) 13(5) 14(3) 16(7) 20(4) 27(5) 
14. 1(5) 9(3) 12(7) 15(3) 22(9) 26(8) 29(4) 
15. 3(7) 4(2) 6(4) 7(4) 19(8) 21(6) 22(6) 27(6) 
16. 0(5) 1(5) 4(2) 7(6) 9(9) 20(3) 21(6) 22(5) 
17. 28(1) 
18. 3(7) 5(2) 8(7) 12(2) 13(8) 24(5) 26(9) 
19. 1(5) 2(2) 8(5) 9(3) 12(3) 13(7) 
20. 5(8) 9(5) 11(6) 12(6) 14(5) 15(1) 16(2) 20(9) 
21. 2(6) 3(2) 5(8) 6(4) 7(6) 14(3) 18(5) 20(5) 21(8) 22(8) 24(3) 27(9) 
22. 3(3) 4(7) 7(3) 11(2) 17(2) 28(8) 
23. 9(2) 21(7) 25(4) 27(7) 
24. 5(3) 18(7) 19(1) 24(1) 25(8) 
25. 2(5) 3(1) 22(5) 23(3) 24(5) 25(6) 28(8) 
26. 2(4) 3(9) 5(5) 10(6) 14(4) 19(5) 24(4) 25(5) 26(4) 
27. 0(5) 12(1) 13(3) 14(7) 20(5) 21(4) 
28. 1(8) 6(7) 9(6) 12(3) 16(4) 24(8) 25(3) 26(7) 28(4) 
29. 1(3) 5(3) 8(1) 11(9) 12(2) 17(6) 18(6) 21(3) 23(9) 26(9) 
7 8
7 8
0. 3(8) 4(4) 16(5) 27(5) 
1. 0(6) 2(3) 11(6) 14(5) 16(5) 19(5) 28(8) 29(3) 
2. 3(8) 10(8) 12(8) 13(3) 19(2) 21(6) 25(5) 26(4) 
3. 0(4) 3(7) 5(7) 15(7) 18(7) 21(2) 22(3) 25(1) 26(9) 
4. 0(4) 3(5) 5(4) 8(4) 10(4) 13(4) 15(2) 16(2) 22(7) 
5. 5(5) 7(8) 18(2) 20(8) 21(8) 24(3) 26(5) 29(3) 
6. 7(3) 8(4) 15(4) 21(4) 28(7) 
7. 1(2) 4(5) 5(9) 6(9) 8(0) 15(4) 16(6) 21(6) 22(3) 
8. 5(9) 11(4) 13(7) 18(7) 19(5) 29(1) 
9. 3(2) 6(9) 13(9) 14(3) 16(9) 19(3) 20(5) 23(2) 28(6) 
10. 0(7) 6(9) 13(9) 26(6) 
11. 10(1) 11(9) 20(6) 22(2) 29(9) 
12. 7(7) 12(5) 13(9) 14(7) 18(2) 19(3) 20(6) 27(1) 28(3) 29(2) 
13. 10(6) 11(7) 13(5) 18(8) 19(7) 27(3) 
14. 8(2) 9(3) 12(6) 13(3) 20(5) 21(3) 26(4) 27(7) 
15. 14(3) 20(1) 
16. 0(2) 13(7) 20(2) 28(4) 
17. 6(8) 10(3) 22(2) 29(6) 
18. 2(4) 4(9) 7(3) 9(7) 21(5) 24(7) 29(6) 
19. 0(4) 1(5) 2(2) 3(5) 5(6) 15(8) 24(1) 26(5) 
20. 5(4) 10(3) 13(4) 16(3) 20(9) 21(5) 27(5) 
21. 5(9) 9(5) 15(6) 16(6) 21(8) 23(7) 27(4) 29(3) 
22. 1(1) 4(7) 6(3) 12(2) 14(9) 15(6) 16(5) 21(8) 25(5) 
23. 7(6) 9(3) 12(8) 25(3) 29(9) 
24. 9(6) 18(5) 21(3) 24(1) 25(5) 26(4) 28(8) 
25. 0(8) 3(1) 7(1) 11(8) 23(4) 24(8) 25(6) 26(5) 28(3) 
26. 1(6) 10(1) 14(8) 18(9) 26(4) 28(7) 29(9) 
27. 1(4) 2(9) 5(7) 8(2) 11(4) 13(5) 15(6) 21(9) 23(7) 
28. 3(8) 4(5) 5(3) 12(6) 17(1) 22(8) 25(8) 28(4) 
29. 0(3) 10(8) 14(4) 
0. 1(6) 3(4) 4(4) 10(7) 16(2) 19(4) 25(8) 29(3) 
1. 7(2) 19(5) 22(1) 26(6) 27(4) 
2. 1(3) 18(4) 19(2) 27(9) 
3. 0(8) 2(8) 3(7) 4(5) 9(2) 19(5) 25(1) 28(8) 
4. 0(4) 7(5) 18(9) 22(7) 28(5) 
5. 3(7) 4(4) 5(5) 7(9) 8(9) 19(6) 20(4) 21(9) 27(7) 28(3) 
6. 7(9) 9(9) 10(9) 17(8) 22(3) 
7. 5(8) 6(3) 12(7) 18(3) 23(6) 25(1) 
8. 4(4) 6(4) 7(0) 14(2) 27(2) 
9. 14(3) 18(7) 21(5) 23(3) 24(6) 
10. 2(8) 4(4) 11(1) 13(6) 17(3) 20(3) 26(1) 29(8) 
11. 1(6) 8(4) 11(9) 13(7) 25(8) 27(4) 
12. 2(8) 12(5) 14(6) 22(2) 23(8) 28(6) 
13. 2(3) 4(4) 8(7) 9(9) 10(9) 12(9) 13(5) 14(3) 16(7) 20(4) 27(5) 
14. 1(5) 9(3) 12(7) 15(3) 22(9) 26(8) 29(4) 
15. 3(7) 4(2) 6(4) 7(4) 19(8) 21(6) 22(6) 27(6) 
16. 0(5) 1(5) 4(2) 7(6) 9(9) 20(3) 21(6) 22(5) 
17. 28(1) 
18. 3(7) 5(2) 8(7) 12(2) 13(8) 24(5) 26(9) 
19. 1(5) 2(2) 8(5) 9(3) 12(3) 13(7) 
20. 5(8) 9(5) 11(6) 12(6) 14(5) 15(1) 16(2) 20(9) 
21. 2(6) 3(2) 5(8) 6(4) 7(6) 14(3) 18(5) 20(5) 21(8) 22(8) 24(3) 27(9) 
22. 3(3) 4(7) 7(3) 11(2) 17(2) 28(8) 
23. 9(2) 21(7) 25(4) 27(7) 
24. 5(3) 18(7) 19(1) 24(1) 25(8) 
25. 2(5) 3(1) 22(5) 23(3) 24(5) 25(6) 28(8) 
26. 2(4) 3(9) 5(5) 10(6) 14(4) 19(5) 24(4) 25(5) 26(4) 
27. 0(5) 12(1) 13(3) 14(7) 20(5) 21(4) 
28. 1(8) 6(7) 9(6) 12(3) 16(4) 24(8) 25(3) 26(7) 28(4) 
29. 1(3) 5(3) 8(1) 11(9) 12(2) 17(6) 18(6) 21(3) 23(9) 26(9) 
