. . 4 4 . 9 . . . . . . . 6 . 9 1 8 6 9 5 . . . . . . . . 1 
. 1 . 4 8 . . 2 8 4 . 1 . 2 . . . . . 8 . 5 . 3 6 . 7 9 9 8 
4 . . 6 . 6 6 . 5 . 8 . . . 3 . 8 2 9 5 . . 6 . 2 . . . . . 
4 4 6 . . 7 2 . . . . . . . 5 7 5 . . . 5 . . . 2 . . 8 . 6 
. 8 . . . 1 . 4 3 . . . 1 8 . . . 6 . . . . 8 8 . . . 4 4 3 
9 . 6 7 1 4 . . . 7 3 7 . . . . 4 7 . . . 2 . 7 5 . . 1 . . 
. . 6 2 . . 4 2 . . . . . 2 9 2 . 1 . . . 3 4 6 . . . . 2 9 
. 2 . . 4 . 2 . 3 . . . 3 6 9 3 8 . . . . . 8 2 . . . 5 . . 
. 8 5 . 3 . . 3 . . . 1 . 8 . . . . 9 . . 4 2 8 . 5 4 . . . 
. 4 . . . 7 . . . 5 8 . . . . 8 . . . . . 3 3 . 6 1 . 1 . . 
. . 8 . . 3 . . . 8 . 9 6 . 3 6 . . . . 9 . . 8 . . . 1 2 . 
. 1 . . . 7 . . 1 . 9 . . . . 2 1 . . . . 2 . . 6 5 . 3 . . 
. . . . 1 . . 3 . . 6 . 1 . . 7 . . 3 . 6 . 4 . 6 6 . . 5 . 
6 2 . . 8 . 2 6 8 . . . . . 2 . . . . . . 5 . . . 9 9 . . 1 
. . 3 5 . . 9 9 . . 3 . . 2 . 6 . . 1 . . . 9 . . . 0 7 . 3 
9 . . 7 . . 2 3 . 8 6 2 7 . 6 . 2 8 . 1 9 . . . . 6 . 2 . . 
1 . 8 5 . 4 . 8 . . . 1 . . . 2 6 . . . 6 7 . . . 3 . 3 1 . 
8 . 2 . 6 7 1 . . . . . . . . 8 . . . 1 . 2 . . . 3 . . 6 . 
6 . 9 . . . . . 9 . . . 3 . 1 . . . . . 4 . . 7 . . . . . . 
9 8 5 . . . . . . . . . . . . 1 . 1 . 4 . . . 7 . 1 2 9 . . 
5 . . 5 . . . . . . 9 . 6 . . 9 6 . 4 . 3 . . . . 6 . . 5 3 
. 5 . . . 2 3 . 4 3 . 2 . 5 . . 7 2 . . . . . . . 3 . 7 . . 
. . 6 . 8 . 4 8 2 3 . . 4 . 9 . . . . . . . . 7 . . . 9 . . 
. 3 . . 8 7 6 2 8 . 8 . . . . . . . 7 7 . . 7 . 9 . 6 1 8 . 
. 6 2 2 . 5 . . . 6 . 6 6 . . . . . . . . . . 9 . 1 . . . 8 
. . . . . . . . 5 1 . 5 6 9 . 6 3 3 . 1 6 3 . . 1 . 6 6 5 . 
. 7 . . . . . . 4 . . . . 9 0 . . . . 2 . . . 6 . 6 1 . . . 
. 9 . 8 4 1 . 5 . 1 1 3 . . 7 2 3 . . 9 . 7 9 1 . 6 . . 1 6 
. 9 . . 4 . 2 . . . 2 . 5 . . . 1 6 . . 5 . . 8 . 5 . 1 . . 
1 8 . 6 3 . 9 . . . . . . 1 3 . . . . . 3 . . . 8 . . 6 . 5 
2 3 5 13 15 16 17 18 19 20 29 
1 3 4 7 8 9 11 13 19 21 23 24 26 27 28 29 
0 3 5 6 8 10 14 16 17 18 19 22 24 
0 1 2 5 6 14 15 16 20 24 27 29 
1 5 7 8 12 13 17 22 23 27 28 29 
0 2 3 4 5 9 10 11 16 17 21 23 24 27 
2 3 6 7 13 14 15 17 21 22 23 28 29 
1 4 6 8 12 13 14 15 16 22 23 27 
1 2 4 7 11 13 18 21 22 23 25 26 
1 5 9 10 15 21 22 24 25 27 
2 5 9 11 12 14 15 20 23 27 28 
1 5 8 10 15 16 21 24 25 27 
4 7 10 12 15 18 20 22 24 25 28 
0 1 4 6 7 8 14 21 25 26 29 
2 3 6 7 10 13 15 18 22 26 27 29 
0 3 6 7 9 10 11 12 14 16 17 19 20 25 27 
0 2 3 5 7 11 15 16 20 21 25 27 28 
0 2 4 5 6 15 19 21 25 28 
0 2 8 12 14 20 23 
0 1 2 15 17 19 23 25 26 27 
0 3 10 12 15 16 18 20 25 28 29 
1 5 6 8 9 11 13 16 17 25 27 
2 4 6 7 8 9 12 14 23 27 
1 4 5 6 7 8 10 18 19 22 24 26 27 28 
1 2 3 5 9 11 12 23 25 29 
8 9 11 12 13 15 16 17 19 20 21 24 26 27 28 
1 8 13 14 19 23 25 26 
1 3 4 5 7 9 10 11 14 15 16 19 21 22 23 25 28 29 
1 4 6 10 12 16 17 20 23 25 27 
0 1 3 4 6 13 14 20 24 27 29 
14 26