. . 3 9 . 9 . . . . . 1 2 . 5 3 . . . 3 6 8 . 5 . . . 5 9 . 
. . . 3 . 8 7 4 . . . . 8 . . 8 . 1 . 1 . . 5 . . . 5 . 1 2 
3 . 1 4 2 4 . . . . . . . 3 5 7 . . 6 . . . . . 8 9 . 6 . . 
9 3 4 . . . . 6 . . . 6 . . 1 . . . . 1 3 2 . 8 . . . . 4 2 
. . 2 . . . . 9 9 3 . 5 8 . 5 . 5 2 . . . . . . . 8 . . . . 
9 8 4 . . . . . . . 9 5 . 1 . . 2 4 . . . 8 . 1 3 . . . 3 . 
. 7 . . . . 4 . 7 2 . 8 . . 1 9 . . . 6 . . . 9 . 7 . . 2 . 
. 4 . 6 9 . . 1 . 2 2 . . 1 3 . 6 . . . . . . 2 2 . 1 . . . 
. . . . 9 . 7 . . . 9 8 3 7 . 7 8 2 2 2 9 . 3 . . 1 . . . . 
. . . . 3 . 2 2 . . . . . . . . 9 . . . 2 . . . 6 4 2 . 5 3 
. . . . . 9 . 2 9 . . 6 6 . . 4 . 2 . . 8 . . 8 . . . . . 8 
1 . . 6 5 5 8 . 8 . 6 . . . 9 . . . 1 6 5 9 . . . . 1 7 . 3 
2 8 . . 8 . . . 3 . 6 . . 5 2 8 9 . . 3 . . . 5 . . 2 2 . 1 
. . 3 . . 1 . 1 7 . . . 5 . . 3 . 5 . 9 . 9 . 2 3 . 8 . . 4 
5 . 5 1 5 . 1 3 . . . 9 2 . 2 . . . 4 8 . . . . . . . . . . 
3 8 7 . . . 9 . 7 . 4 . 8 3 . . . . . 4 4 5 5 . 3 . 1 . . 7 
. . . . 5 2 . 6 8 9 . . 9 . . . . . . . . . . 4 6 7 . . 9 1 
. 1 . . 2 4 . . 2 . 2 . . 5 . . . 6 6 . . . 9 8 5 2 5 5 . . 
. . 6 . . . . . 2 . . 1 . . 4 . . 6 3 7 . 7 6 . 9 . . 7 6 . 
3 1 . 1 . . 6 . 2 . . 6 3 9 8 4 . . 7 . . . . . 9 . . . . 1 
6 . . 3 . . . . 9 2 8 5 . . . 4 . . . . 9 . 6 . . 1 . . 9 . 
8 . . 2 . 8 . . . . . 9 . 9 . 5 . . 7 . . . . 7 9 . . 3 . 7 
. 5 . . . . . . 3 . . . . . . 5 . 9 6 . 6 . . . 9 5 . 4 . . 
5 . . 8 . 1 9 2 . . 8 . 5 2 . . 4 8 . . . 7 . . 8 . . 7 1 . 
. . 8 . . 3 . 2 . 6 . . . 3 . 3 6 5 9 9 . 9 9 8 . 8 4 . 6 . 
. . 9 . 8 . 7 . 1 4 . . . . . . 7 2 . . 1 . 5 . 8 . . . 1 . 
. 5 . . . . . 1 . 2 . 1 2 8 . 1 . 5 . . . . . . 4 . . . 0 . 
5 . 6 . . . . . . . . 7 2 . . . . 5 7 . . 3 4 7 . . . . . . 
9 1 . 4 . 3 2 . . 5 . . . . . . 9 . 6 . 9 . . 1 6 1 0 . . . 
. 2 . 2 . . . . . 3 8 3 1 4 . 7 1 . . 1 . 7 . . . . . . . . 
4 5 7 8 9 12 23 24 25 28 29 
1 6 8 9 11 14 15 19 23 25 28 
26 28
26 28
0 3 4 5 6 8 10 14 18 19 20 21 26 27 29 
26 28
26 28
4 6 7 15 16 20 24 25 26 28 29 
2 4 8 12 14 17 18 19 20 21 22 24 27 28 
4 6 7 15 16 20 24 25 26 28 29 
1 3 4 7 9 10 13 14 16 23 24 26 
0 1 2 3 10 11 13 16 17 21 23 24 26 28 
0 1 4 7 8 10 13 14 15 16 18 19 23 26 29 
0 1 3 5 11 13 15 18 23 24 27 29 
2 4 6 8 9 17 20 22 24 28 
0 3 5 6 9 16 17 18 20 23 24 25 26 
0 1 2 5 7 11 14 19 20 21 23 28 29 
1 8 15 17 18 20 24 25 27 
26 28
26 28
26 28
0 1 4 7 8 10 13 14 15 16 18 19 23 26 29 
2 4 6 8 9 17 20 22 24 28 
26 28
1 3 4 7 9 10 12 14 16 17 23 24 26 
3 5 6 7 12 15 17 19 21 22 26 29 
26 28
26 28
26 28
26 28
4 6 10 11 13 15 17 19 25 
0 11
0 11
0 1 3 5 11 13 15 18 23 24 27 29 
3 5 6 7 10 12 13 16 17 19 21 27 
0 11
0 11
1 2 9 11 12 13 15 19 21 27 29 
2 3 5 11 12 14 15 20 21 22 27 28 
0 1 2 5 7 11 13 14 19 20 21 23 28 
0 11
0 1 3 5 11 13 15 18 23 24 27 29 
0 1 3 5 11 13 15 18 23 24 27 29 
2 3 5 8 12 15 17 19 21 23 24 29 
1 17
2 3 5 8 12 15 17 19 21 23 24 25 29 
2 4 6 7 15 16 17 22 24 25 26 28 29 
1 4 5 7 8 9 10 13 17 19 22 23 24 25 26 27 
5 7 8 11 15 16 17 20 23 
1 2 9 11 12 13 15 19 21 22 29 
0 3 4 5 6 11 12 14 15 16 19 
0 1 2 6 8 9 10 12 13 14 15 19 20 21 22 24 26 29 
1 17
0 3 10 11 15 18 20 22 28 
0 2 11 17 18 21 22 23 
1 17
0 3 4 9 13 15 18 19 24 25 27 29 
0 1 4 14 15 16 18 19 29 
5 7 8 11 15 17 20 23 
1 12
2 7 8 9 12 14 16 17 18 25 
1 12
0 3 4 9 13 15 18 19 24 25 27 29 
4 7 9 12 14 18 23 24 28 
0 3 5 6 9 11 16 18 20 24 25 
2 5 7 9 13 15 16 17 18 19 21 25 26 28 
1 4 5 7 8 9 10 13 17 19 22 23 24 25 26 27 
1 12
. . 3 . . 9 2 3 . . . . 9 . 5 . . . 3 . 6 2 8 . . . . 5 9 . 
. . . 3 . 8 7 4 . . . . 1 . . 8 . 1 . . . 9 5 . . . 5 . . . 
3 . . . 2 . . . . 7 . . . 3 4 7 . . 6 6 . . . . 8 9 . 6 . 3 
. 3 . . . 4 . 6 . . . 6 . 9 1 . . . . 1 3 . . 8 . . . . 4 . 
. . 2 . . . . 9 9 3 . . 8 . 5 . 5 2 1 . . . . . . 8 . . . . 
9 8 . 4 . . . . . . 9 . . 1 6 . . 4 . . . 8 . 1 3 . 8 . 3 . 
2 7 . . . . 4 . 7 9 . 8 . 4 7 9 . . . . . . . 9 . 7 . . 2 . 
3 4 . 6 9 . . 1 . 2 2 . . . . . 6 6 . . . . . 2 2 9 1 . . . 
. . . . 9 . 7 . 8 . 3 8 . 5 . 7 . 2 . 2 . . . 4 . 1 . . . . 
. . 7 . 3 . 9 2 . . . . . 8 . 3 9 6 . . . . 6 . 6 2 2 . 5 3 
. . . . . 9 . 2 3 . . 6 . . . 4 . 2 . . 8 . . 8 . . . . . . 
. . . 6 . . 8 . 8 . 6 . . . 9 . . . . 2 5 9 . . . . 1 7 2 3 
9 1 . . 8 . . . . . . . . . 2 8 9 . . 3 . . . . . . . . . 1 
. . 3 9 . 1 4 . 5 8 . . . . . 3 . 7 . 1 . 9 . 2 3 8 . . . 4 
5 . 4 1 5 6 7 . . . . 9 2 . 2 9 9 . . 8 . . . . . 2 . . . . 
. 8 7 . . . 9 . 7 3 4 . 8 3 9 6 . . . 4 4 5 5 . 3 . 1 . . 7 
. . . . 5 . . 6 . 9 . . 9 . 9 . . . 5 . . . . 4 6 . . . 8 . 
. 1 . . 2 4 . 6 2 6 2 . . 7 . . . 6 . 8 . . 9 8 5 2 5 5 . . 
3 . 6 . 1 . . . . . . . . . . . 5 . 3 7 9 7 6 . 9 . . 7 6 . 
. . 6 1 . . . . 2 . . 2 3 1 8 4 . 8 7 . . . . 1 9 . . . . 2 
6 . . 3 . . . . . . 8 5 . . . 4 . . 9 . 9 . 6 . . . . . 9 . 
2 9 . . . 8 . . . . . 9 . 9 . 5 . . 7 . . . 2 . 9 . . 3 . 7 
8 5 . . . . . . . 6 . . . . . 5 . 9 6 . 6 2 . . . 5 . 4 . 7 
. . . 8 . 1 9 2 4 . 8 . . 2 . . 4 8 . 1 . . . 5 . . . 7 . . 
. . 8 . . 3 . 2 . 6 . . . 3 . 3 6 5 9 9 . 9 . . . 8 4 . 6 . 
. . 9 . 8 . 7 9 1 2 . . . 8 2 . . 2 . . . . 5 . 8 7 1 . 1 . 
. 5 . . . 8 . 1 . 2 . 1 . . . 1 . 5 . . . . . . 4 1 . . . . 
5 . 6 . . . . . . . . 7 . . . . . 5 7 . . 3 4 7 . . . . . . 
9 . . 4 . 3 2 . . 5 . 2 . . . . 8 . 6 . 9 . . . 6 1 . . . . 
. . 3 . . . . . . 3 . 3 1 4 . 7 . . . 2 . 7 7 . . . . . . . 