0. 2(4) 7(1) 10(9) 14(1) 20(9) 21(8) 22(5) 23(1) 25(6) 29(8) 
1. 1(5) 2(1) 4(5) 5(3) 6(9) 8(7) 9(6) 14(7) 15(4) 16(7) 18(5) 19(5) 21(7) 24(3) 25(9) 28(3) 
2. 0(4) 1(1) 4(5) 7(6) 9(7) 14(8) 16(8) 19(6) 21(2) 26(9) 27(4) 28(1) 
3. 3(1) 8(9) 9(4) 14(5) 17(1) 18(6) 19(7) 20(3) 22(9) 25(4) 29(9) 
4. 1(5) 2(5) 5(3) 7(4) 8(9) 9(2) 10(5) 11(9) 13(9) 15(7) 18(3) 20(1) 23(3) 26(9) 27(5) 
5. 1(3) 4(3) 6(9) 7(5) 8(6) 11(5) 13(2) 14(6) 18(3) 20(2) 23(1) 25(9) 26(7) 
6. 1(9) 5(9) 6(3) 8(8) 9(2) 10(4) 15(1) 18(4) 20(4) 23(4) 24(8) 27(5) 28(1) 29(7) 
7. 0(1) 2(6) 4(4) 5(5) 10(2) 11(8) 12(1) 14(2) 16(7) 17(4) 19(1) 21(3) 24(3) 25(1) 26(2) 
8. 1(7) 3(9) 4(9) 5(6) 6(8) 12(3) 14(9) 15(8) 19(3) 23(6) 24(8) 27(1) 28(2) 29(4) 
9. 1(6) 2(7) 3(4) 4(2) 6(2) 17(5) 19(0) 20(6) 21(2) 29(9) 
10. 0(9) 4(5) 6(4) 7(2) 12(7) 18(5) 21(6) 22(7) 25(5) 26(1) 
11. 4(9) 5(5) 7(8) 11(3) 15(6) 16(2) 19(2) 22(1) 23(1) 27(2) 29(5) 
12. 7(1) 8(3) 10(7) 13(3) 14(8) 18(8) 22(6) 24(1) 26(9) 27(5) 
13. 4(9) 5(2) 12(3) 14(3) 16(4) 21(2) 24(6) 25(8) 28(8) 
14. 0(1) 1(7) 2(8) 3(5) 5(6) 7(2) 8(9) 12(8) 13(3) 16(1) 17(5) 22(3) 24(3) 26(8) 29(6) 
15. 1(4) 4(7) 6(1) 8(8) 11(6) 16(5) 19(1) 20(9) 21(1) 23(5) 24(3) 26(3) 27(3) 28(4) 29(2) 
16. 1(7) 2(8) 7(7) 11(2) 13(4) 14(1) 15(5) 18(9) 21(9) 25(2) 28(4) 
17. 3(1) 7(4) 9(5) 14(5) 26(9) 27(8) 28(6) 29(4) 
18. 1(5) 3(6) 4(3) 5(3) 6(4) 10(5) 12(8) 16(9) 19(1) 21(3) 27(7) 28(4) 
19. 1(5) 2(6) 3(7) 7(1) 8(3) 9(0) 11(2) 15(1) 18(1) 19(8) 21(1) 22(3) 25(4) 27(4) 29(3) 
20. 0(9) 3(3) 4(1) 5(2) 6(4) 9(6) 15(9) 21(1) 22(3) 25(5) 26(8) 27(6) 
21. 0(8) 1(7) 2(2) 7(3) 9(2) 10(6) 13(2) 15(1) 16(9) 18(3) 19(1) 20(1) 22(3) 23(9) 24(3) 26(2) 27(1) 
22. 0(5) 3(9) 10(7) 11(1) 12(6) 14(3) 19(3) 20(3) 21(3) 23(2) 24(6) 
23. 0(1) 4(3) 5(1) 6(4) 8(6) 11(1) 15(5) 21(9) 22(2) 28(9) 29(9) 
24. 1(3) 6(8) 7(3) 8(8) 12(1) 13(6) 14(3) 15(3) 21(3) 22(6) 25(3) 29(9) 
25. 0(6) 1(9) 3(4) 5(9) 7(1) 10(5) 13(8) 16(2) 19(4) 20(5) 24(3) 27(6) 29(3) 
26. 2(9) 4(9) 5(7) 7(2) 10(1) 12(9) 14(8) 15(3) 17(9) 20(8) 21(2) 26(6) 28(9) 
27. 2(4) 4(5) 6(5) 8(1) 11(2) 12(5) 15(3) 17(8) 18(7) 19(4) 20(6) 21(1) 25(6) 
28. 1(3) 2(1) 6(1) 8(2) 13(8) 15(4) 16(4) 17(6) 18(4) 23(9) 26(9) 29(9) 
29. 0(8) 3(9) 6(7) 8(4) 9(9) 11(5) 14(6) 15(2) 17(4) 19(3) 23(9) 24(9) 25(3) 28(9) 
1 4 6 8 11 16 19 20 21 23 24 26 27 28 29 
1 5 6 8 9 10 15 18 20 23 24 27 28 29 
9 19
1 2 3 5 7 8 12 13 16 17 22 24 26 29 
1 2 3 7 8 9 11 15 18 19 21 22 25 27 29 
9 19
0 2 4 5 10 11 12 14 16 17 19 21 24 25 26 
1 6 7 8 12 13 14 15 21 22 25 29 
1 5 6 8 9 10 15 18 20 23 24 27 28 29 
1 2 3 5 7 8 12 13 16 17 22 24 26 29 
9 19
2 4 5 7 10 12 14 15 17 20 21 26 28 
9 19
9 19
0 3 9 10 11 12 14 19 20 23 24 28 
9 19
9 19
9 19
9 19
9 19
9 19
9 19
4 6 7 8 11 13 14 19 20 23 24 25 26 29 
1 3 4 6 9 10 16 19 21 27 28 
9 19
9 19
0 1 5 7 10 16 19 20 24 27 29 
9 19
9 19
9 19
9 19
9 19
9 19
0 1 4 7 9 14 16 17 21 27 28 
0 3 4 5 6 9 15 21 22 25 26 
1 3 6 7 8 12 14 15 19 21 22 25 29 
9 19
0 4 5 6 8 11 15 21 22 28 29 
9 19
9 19
1 5 7 8 9 11 15 18 19 21 22 24 25 27 29 
4 5 7 9 11 15 16 19 22 23 29 
0 3 9 10 11 12 14 19 20 23 24 28 
9 19
9 19
1 2 3 5 8 9 10 11 12 13 15 18 20 23 26 27 28 
1 2 3 5 8 9 10 11 12 13 15 18 20 23 26 27 28 
3 4 8 10 13 14 16 22 24 26 27 29 
9 19
0 2 8 10 13 15 18 19 20 23 24 26 27 
2 7 10 20 21 22 23 25 
3 4 5 7 12 16 21 27 28 
9 19
2 4 6 7 8 12 13 15 18 19 21 25 26 
9 19
4 5 7 10 12 14 15 17 20 21 26 27 28 
1 2 3 5 8 9 10 11 12 13 15 18 20 23 26 27 28 
1 2 3 5 8 9 10 11 12 13 15 18 20 23 26 27 28 
9 19
9 19
9 19
1 5 7 8 9 15 18 19 21 22 24 25 27 29 
2 4 6 8 9 14 15 16 18 19 23 24 25 28 
9 19
9 19
9 19
1 2 4 6 11 13 15 16 18 22 23 26 
4 5 7 11 15 16 23 28 29 
0 1 5 7 10 16 19 23 24 27 29 
9 19
3 4 5 6 7 12 16 18 23 27 28 
0 1 5 7 10 16 19 22 23 24 27 29 
2 6 7 10 16 19 20 21 22 23 25 
9 19
0. 2(4) 6(7) 7(6) 10(9) 16(2) 19(9) 20(9) 21(8) 22(5) 23(1) 25(6) 
1. 2(1) 4(5) 6(9) 8(7) 14(7) 15(4) 16(7) 18(5) 23(6) 24(3) 25(9) 28(3) 
2. 0(4) 1(1) 4(5) 7(6) 9(7) 14(3) 16(8) 17(2) 18(1) 21(2) 25(1) 27(4) 28(1) 
3. 3(1) 4(1) 8(9) 9(4) 12(5) 13(3) 14(5) 18(6) 21(1) 22(9) 24(4) 29(9) 
4. 1(5) 2(5) 3(1) 5(3) 8(9) 9(2) 10(5) 11(9) 12(2) 13(9) 15(7) 17(6) 18(3) 23(3) 26(9) 27(5) 28(1) 
5. 4(3) 6(9) 7(5) 8(6) 11(5) 12(7) 13(2) 14(6) 19(8) 20(2) 23(1) 25(9) 26(7) 29(8) 
6. 0(7) 1(9) 5(9) 6(3) 7(1) 8(8) 9(2) 11(8) 13(3) 15(1) 17(6) 18(4) 20(4) 22(7) 23(4) 24(8) 27(5) 28(3) 29(7) 
7. 0(6) 2(6) 5(5) 6(1) 10(2) 11(1) 13(8) 14(2) 16(7) 19(1) 22(8) 25(1) 26(2) 27(9) 
8. 1(7) 3(9) 4(9) 5(6) 6(8) 12(3) 14(9) 18(8) 19(3) 21(7) 23(6) 24(8) 
9. 2(7) 3(4) 4(2) 6(2) 17(5) 18(5) 19(0) 22(4) 29(9) 
10. 0(9) 4(5) 7(2) 12(9) 15(8) 18(5) 21(6) 22(7) 25(5) 26(1) 29(3) 
11. 4(9) 5(5) 6(8) 7(1) 11(3) 15(6) 16(2) 23(1) 24(3) 28(2) 29(1) 
12. 3(5) 4(2) 5(7) 8(3) 10(9) 13(3) 14(8) 16(1) 22(6) 24(1) 26(9) 27(5) 29(5) 
13. 3(3) 4(9) 5(2) 6(3) 7(8) 12(3) 15(7) 16(4) 18(7) 23(4) 27(2) 28(8) 
14. 1(7) 2(3) 3(5) 5(6) 7(2) 8(9) 12(8) 17(5) 22(3) 24(3) 29(6) 
15. 1(4) 4(7) 6(1) 10(8) 11(6) 13(7) 15(6) 16(5) 19(1) 21(1) 23(5) 24(3) 26(3) 27(8) 28(4) 29(2) 
16. 0(2) 1(7) 2(8) 7(7) 11(2) 12(1) 13(4) 15(5) 18(9) 20(1) 25(2) 28(4) 
17. 2(2) 4(6) 6(6) 9(5) 14(5) 26(9) 29(4) 
18. 1(5) 2(1) 3(6) 4(3) 6(4) 8(8) 9(5) 10(5) 13(7) 16(9) 19(1) 21(3) 27(7) 28(4) 
19. 0(9) 5(8) 7(1) 8(3) 9(0) 15(1) 18(1) 19(8) 21(1) 22(3) 24(2) 25(4) 27(4) 29(3) 
20. 0(9) 5(2) 6(4) 16(1) 21(1) 22(3) 
21. 0(8) 2(2) 3(1) 8(7) 10(6) 15(1) 18(3) 19(1) 20(1) 23(9) 24(3) 26(2) 27(1) 
22. 0(5) 3(9) 6(7) 7(8) 9(4) 10(7) 12(6) 14(3) 19(3) 20(3) 23(2) 24(6) 25(8) 28(2) 29(6) 
23. 0(1) 1(6) 4(3) 5(1) 6(4) 8(6) 11(1) 13(4) 15(5) 21(9) 22(2) 25(8) 27(2) 28(9) 29(5) 
24. 1(3) 3(4) 6(8) 8(8) 11(3) 12(1) 14(3) 15(3) 19(2) 21(3) 22(6) 25(3) 29(9) 
25. 0(6) 1(9) 2(1) 5(9) 7(1) 10(5) 16(2) 19(4) 22(8) 23(8) 24(3) 27(6) 29(3) 
26. 4(9) 5(7) 7(2) 10(1) 12(9) 15(3) 17(9) 21(2) 26(6) 27(3) 28(5) 
27. 2(4) 4(5) 6(5) 7(9) 12(5) 13(2) 15(8) 18(7) 19(4) 21(1) 23(2) 25(6) 26(3) 
28. 1(3) 2(1) 4(1) 6(3) 11(2) 13(8) 15(4) 16(4) 18(4) 22(2) 23(9) 26(5) 
29. 3(9) 5(8) 6(7) 9(9) 10(3) 11(1) 12(5) 14(6) 15(2) 17(4) 19(3) 22(6) 23(5) 24(9) 25(3) 