0. 2(6) 3(8) 5(9) 7(5) 9(5) 11(7) 12(9) 13(2) 15(5) 16(1) 18(2) 20(6) 24(4) 27(4) 
1. 2(6) 3(6) 4(4) 6(9) 7(3) 12(6) 15(2) 17(7) 19(9) 22(8) 24(1) 25(7) 29(9) 
2. 0(6) 1(6) 8(3) 9(9) 17(9) 19(9) 20(8) 21(2) 24(7) 26(6) 
3. 0(8) 1(6) 5(1) 9(2) 10(1) 12(8) 14(4) 18(1) 23(6) 26(2) 28(6) 
4. 1(4) 7(9) 9(5) 10(6) 14(4) 15(1) 25(8) 
5. 0(9) 3(1) 6(1) 11(7) 12(1) 15(3) 16(3) 18(3) 21(9) 23(7) 25(6) 27(6) 29(9) 
6. 1(9) 5(1) 8(9) 9(4) 10(1) 11(6) 12(4) 14(9) 15(3) 17(1) 21(5) 24(2) 26(9) 28(6) 29(1) 
7. 0(5) 1(3) 4(9) 8(5) 10(8) 12(9) 15(4) 18(3) 22(9) 25(4) 26(3) 27(7) 29(3) 
8. 2(3) 6(9) 7(5) 9(9) 11(2) 13(5) 16(7) 18(6) 21(7) 26(1) 27(1) 
9. 0(5) 2(9) 3(2) 4(5) 6(4) 8(9) 10(9) 14(5) 15(1) 19(2) 21(8) 22(8) 24(5) 
10. 3(1) 4(6) 6(1) 7(8) 9(9) 19(2) 21(7) 25(9) 27(1) 28(3) 
11. 0(7) 5(7) 6(6) 8(2) 11(3) 13(7) 15(1) 19(7) 20(8) 24(1) 25(1) 27(2) 28(7) 29(5) 
12. 0(9) 1(6) 3(8) 5(1) 6(4) 7(9) 12(4) 18(0) 20(9) 22(6) 23(6) 24(3) 25(2) 28(9) 29(4) 
13. 0(2) 8(5) 11(7) 15(8) 16(7) 21(8) 23(1) 29(4) 
14. 3(4) 4(4) 6(9) 9(5) 15(2) 16(6) 18(4) 19(7) 20(8) 21(8) 22(5) 25(2) 
15. 0(5) 1(2) 4(1) 5(3) 6(3) 7(4) 9(1) 11(1) 13(8) 14(2) 19(4) 22(1) 27(2) 28(1) 
16. 0(1) 5(3) 8(7) 13(7) 14(6) 19(7) 20(4) 23(6) 24(4) 25(6) 26(7) 29(6) 
17. 1(7) 2(9) 6(1) 21(4) 22(4) 23(9) 27(7) 28(7) 29(6) 
18. 0(2) 3(1) 5(3) 7(3) 8(6) 12(0) 14(4) 22(7) 23(3) 25(3) 26(8) 29(8) 
19. 1(9) 2(9) 9(2) 10(2) 11(7) 14(7) 15(4) 16(7) 21(5) 22(4) 24(1) 27(1) 
20. 0(6) 2(8) 11(8) 12(9) 14(8) 16(4) 21(1) 23(1) 27(9) 28(3) 
21. 2(2) 5(9) 6(5) 8(7) 9(8) 10(7) 13(8) 14(8) 17(4) 19(5) 20(1) 23(5) 24(3) 25(3) 26(9) 28(1) 29(6) 
22. 1(8) 7(9) 9(8) 12(6) 14(5) 15(1) 17(4) 18(7) 19(4) 22(5) 24(7) 26(9) 29(8) 
23. 3(6) 5(7) 12(6) 13(1) 16(6) 17(9) 18(3) 20(1) 21(5) 24(9) 25(1) 26(7) 
24. 0(4) 1(1) 2(7) 6(2) 9(5) 11(1) 12(3) 16(4) 19(1) 21(3) 22(7) 23(9) 26(8) 28(4) 
25. 1(7) 4(8) 5(6) 7(4) 10(9) 11(1) 12(2) 14(2) 16(6) 18(3) 21(3) 23(1) 26(5) 29(5) 
26. 2(6) 3(2) 6(9) 7(3) 8(1) 16(7) 18(8) 21(9) 22(9) 23(7) 24(8) 25(5) 27(6) 29(5) 
27. 0(4) 5(6) 7(7) 8(1) 10(1) 11(2) 15(2) 17(7) 19(1) 20(9) 26(6) 28(6) 
28. 3(6) 6(6) 10(3) 11(7) 12(9) 15(1) 17(7) 20(3) 21(1) 24(4) 27(6) 
29. 1(9) 5(9) 6(1) 7(3) 11(5) 12(4) 13(4) 16(6) 17(6) 18(8) 21(6) 22(8) 25(5) 26(5)
0. 2(6) 3(8) 5(9) 7(5) 9(5) 11(7) 12(9) 13(2) 15(5) 16(1) 18(2) 20(6) 27(4) 29(5) 
1. 2(6) 3(6) 4(4) 6(9) 7(3) 12(6) 15(2) 17(7) 19(9) 22(8) 24(1) 25(7) 29(9) 
2. 0(6) 1(6) 8(3) 9(9) 17(9) 19(9) 20(8) 21(2) 24(7) 26(6) 
3. 0(8) 1(6) 5(1) 9(2) 10(1) 14(4) 18(1) 26(2) 28(6) 
4. 1(4) 7(9) 9(5) 10(6) 14(4) 15(1) 25(8) 
5. 0(9) 3(1) 15(3) 16(3) 18(3) 21(9) 23(7) 25(6) 27(6) 29(9) 
6. 1(9) 8(9) 9(1) 10(1) 11(6) 12(4) 14(9) 15(3) 17(1) 21(5) 23(5) 24(2) 26(9) 28(6) 29(1) 
7. 0(5) 1(3) 4(9) 8(5) 9(9) 10(8) 12(9) 15(4) 22(9) 25(4) 26(3) 27(7) 29(3) 
8. 2(3) 6(9) 7(5) 9(9) 11(2) 12(3) 13(5) 16(7) 18(6) 21(7) 26(1) 27(1) 
9. 0(5) 2(9) 3(2) 4(5) 6(1) 7(9) 8(9) 10(9) 14(5) 15(1) 16(8) 19(2) 21(8) 22(8) 24(5) 
10. 3(1) 4(6) 6(1) 7(8) 9(9) 16(3) 19(2) 21(7) 25(9) 27(1) 
11. 0(7) 6(6) 8(2) 11(3) 13(7) 15(1) 19(7) 24(1) 25(1) 28(7) 29(5) 
12. 0(9) 1(6) 6(4) 7(9) 8(3) 12(4) 18(0) 22(6) 23(6) 24(3) 25(2) 28(9) 29(4) 
13. 0(2) 8(5) 11(7) 15(8) 16(7) 21(8) 23(1) 29(4) 
14. 3(4) 4(4) 6(9) 9(5) 15(2) 16(6) 18(4) 19(7) 20(8) 21(8) 22(5) 23(1) 25(2) 
15. 0(5) 1(2) 4(1) 5(3) 6(3) 7(4) 9(1) 11(1) 13(8) 14(2) 19(4) 23(1) 27(2) 28(1) 29(1) 
16. 0(1) 5(3) 8(7) 9(8) 10(3) 13(7) 14(6) 20(4) 23(6) 24(4) 25(6) 26(7) 29(6) 
17. 1(7) 2(9) 6(1) 21(4) 22(4) 23(9) 27(7) 28(7) 29(6) 
18. 0(2) 3(1) 5(3) 8(6) 12(0) 14(4) 21(1) 22(7) 23(3) 24(3) 25(3) 26(8) 29(8) 
19. 1(9) 2(9) 9(2) 10(2) 11(7) 14(7) 15(4) 21(5) 22(4) 27(1) 
20. 0(6) 2(8) 14(8) 16(4) 21(1) 23(1) 27(9) 28(3) 
21. 2(2) 5(9) 6(5) 8(7) 9(8) 10(7) 13(8) 14(8) 17(4) 18(1) 19(5) 20(1) 23(5) 24(3) 25(3) 26(9) 28(1) 29(6) 
22. 1(8) 7(9) 9(8) 12(6) 14(5) 17(4) 18(7) 19(4) 22(5) 24(7) 26(9) 29(8) 
23. 5(7) 6(5) 12(6) 13(1) 14(1) 15(1) 16(6) 17(9) 18(3) 20(1) 21(5) 24(9) 25(1) 26(7) 
24. 1(1) 2(7) 6(2) 9(5) 11(1) 12(3) 16(4) 18(3) 21(3) 22(7) 23(9) 26(8) 28(4) 
25. 1(7) 4(8) 5(6) 7(4) 10(9) 11(1) 12(2) 14(2) 16(6) 18(3) 21(3) 23(1) 26(5) 29(5) 
26. 2(6) 3(2) 6(9) 7(3) 8(1) 16(7) 18(8) 21(9) 22(9) 23(7) 24(8) 25(5) 27(6) 
27. 0(4) 5(6) 7(7) 8(1) 10(1) 15(2) 17(7) 19(1) 20(9) 26(6) 28(6) 
28. 3(6) 6(6) 11(7) 12(9) 15(1) 17(7) 20(3) 21(1) 24(4) 27(6) 29(7) 
29. 0(5) 1(9) 5(9) 6(1) 7(3) 11(5) 12(4) 13(4) 15(1) 16(6) 17(6) 18(8) 21(6) 22(8) 25(5) 28(7) 