0. 3(5) 4(3) 5(2) 10(1) 11(9) 24(1) 25(4) 
1. 2(6) 4(0) 13(1) 14(5) 18(8) 21(6) 28(1) 
2. 0(4) 4(7) 8(5) 13(8) 15(1) 19(1) 20(1) 
3. 1(4) 8(1) 9(5) 12(8) 19(9) 21(1) 27(3) 
4. 0(5) 3(4) 8(9) 9(7) 13(4) 19(1) 28(2) 
5. 1(7) 2(1) 4(2) 5(9) 12(4) 13(6) 17(2) 
6. 2(8) 5(7) 10(6) 12(1) 18(7) 28(9) 29(8) 
7. 2(2) 3(2) 7(9) 13(2) 16(4) 18(7) 22(9) 
8. 1(7) 2(9) 4(3) 6(5) 12(3) 16(9) 20(1) 
9. 3(7) 4(9) 5(1) 6(2) 8(1) 14(1) 26(7) 
10. 1(1) 6(8) 9(4) 10(7) 17(6) 22(7) 28(3) 
11. 1(1) 4(1) 7(3) 13(7) 18(5) 24(1) 25(9) 
12. 1(4) 4(7) 14(3) 18(9) 20(5) 21(6) 27(9) 
13. 0(2) 6(2) 17(9) 23(2) 24(7) 25(6) 28(6) 
14. 9(7) 11(2) 14(4) 16(3) 18(4) 20(4) 27(3) 
15. 3(5) 7(4) 8(9) 16(2) 18(1) 22(3) 23(4) 
16. 1(2) 10(4) 19(7) 22(7) 25(1) 26(4) 28(3) 
17. 3(2) 9(4) 14(9) 15(3) 19(7) 20(2) 26(1) 
18. 0(2) 2(5) 5(4) 7(6) 10(2) 18(8) 21(1) 
19. 1(9) 8(4) 9(1) 10(8) 12(8) 24(8) 27(1) 
20. 3(3) 5(8) 9(6) 12(6) 15(3) 16(1) 25(9) 
21. 2(8) 4(7) 12(3) 16(7) 19(8) 20(7) 27(2) 
22. 7(6) 15(5) 19(6) 22(2) 23(3) 24(9) 28(7) 
23. 5(9) 7(7) 13(1) 15(8) 20(4) 24(8) 26(9) 
24. 3(3) 7(4) 11(7) 17(3) 22(3) 24(8) 29(5) 
25. 0(6) 2(4) 4(9) 7(7) 9(6) 11(7) 23(8) 
26. 4(1) 11(5) 12(6) 14(2) 18(4) 25(3) 28(4) 
27. 4(3) 9(9) 10(4) 11(8) 12(1) 21(6) 27(3) 
28. 0(1) 3(2) 14(8) 18(4) 23(3) 24(9) 25(5) 
29. 2(4) 5(4) 8(3) 13(1) 14(1) 21(2) 25(3) 
0. 3(5) 4(3) 5(2) 10(1) 11(9) 24(1) 25(4) 
1. 2(6) 4(0) 13(1) 14(5) 18(8) 21(6) 28(1) 
2. 0(4) 4(7) 8(5) 13(8) 15(1) 19(1) 20(1) 
3. 1(4) 8(1) 9(5) 12(8) 19(9) 21(1) 22(5) 27(3) 
4. 0(5) 3(4) 8(9) 19(1) 25(4) 28(2) 
5. 1(7) 2(1) 4(2) 5(9) 12(4) 13(6) 17(2) 
6. 5(7) 10(6) 12(1) 18(7) 28(9) 29(8) 
7. 2(2) 3(2) 7(9) 13(2) 16(4) 18(7) 22(9) 
8. 1(7) 2(9) 4(3) 6(5) 9(9) 12(3) 16(9) 20(1) 
9. 3(7) 4(9) 5(1) 6(2) 8(1) 14(1) 16(2) 26(7) 
10. 1(1) 5(7) 9(4) 10(7) 17(6) 22(7) 28(3) 
11. 4(1) 7(3) 18(5) 24(1) 25(9) 
12. 1(4) 4(7) 14(3) 15(3) 18(9) 20(5) 21(6) 24(7) 27(9) 
13. 0(2) 6(2) 12(4) 17(9) 23(2) 24(7) 25(6) 28(6) 
14. 9(7) 11(2) 14(4) 15(5) 16(3) 18(4) 20(4) 27(3) 
15. 3(5) 7(4) 8(9) 16(2) 18(1) 22(3) 23(4) 
16. 1(2) 7(4) 10(4) 19(7) 22(7) 25(1) 26(4) 28(3) 
17. 3(2) 14(9) 15(3) 19(7) 20(2) 26(1) 
18. 0(2) 2(5) 5(4) 7(6) 18(8) 21(1) 
19. 1(9) 8(4) 9(1) 10(8) 12(8) 24(8) 27(1) 
20. 3(3) 5(8) 12(6) 15(3) 16(1) 25(9) 28(9) 
21. 1(3) 2(8) 4(7) 10(4) 12(3) 16(7) 19(8) 20(7) 
22. 7(6) 15(5) 19(6) 22(2) 23(3) 24(9) 28(7) 
23. 5(9) 7(7) 13(1) 20(4) 24(8) 26(9) 
24. 3(3) 7(4) 11(7) 17(3) 22(3) 24(8) 25(7) 
25. 0(6) 2(4) 4(9) 7(7) 9(6) 11(7) 16(1) 23(8) 
26. 4(1) 10(1) 11(5) 12(6) 14(2) 18(4) 25(3) 28(4) 
27. 4(3) 9(9) 10(4) 11(8) 12(1) 21(6) 27(3) 
28. 0(1) 3(2) 10(9) 14(8) 18(4) 23(3) 24(9) 25(5) 
29. 2(4) 4(5) 5(4) 8(3) 13(1) 14(1) 21(2) 25(3) 
