. 6 3 . . . 0 . . . . 6 . 8 . . . . . . . . . 8 . . . . . 5 
. 5 . . . 1 . 9 . 4 . . 5 8 . . . . . . . . . . . . . 4 . . 
9 4 . . . . . . . . . . . . 7 . . 5 6 . . . . . . 4 . . 5 . 
. 3 . . 7 7 . . . 8 . . . . . 2 5 . . . . . . . . 5 . . . . 
6 9 . 8 . . . . . . . . . . . . 4 . 6 . 1 . . . . . . . . 3 
. 6 . . . . . . . 3 3 5 . . 3 . . . . . 2 . . . . . 7 . . . 
3 . . . 9 . . . . . . . . . . 8 . . . . 9 . . 9 . . . 5 . 1 
. . . . . . . 1 9 . 8 . . . . . 5 . 6 . . . . . 9 . . 2 . . 
. . 4 4 . 8 . 8 . . . . . . . 9 . . 9 . . . . . 5 . . . . . 
. . 3 5 . . . . . . 7 . . . . . 7 . . 5 . . . 6 . . . . . 3 
1 . . 5 2 . . . 9 . . . . . . 6 3 8 . . . . . . . . . . . . 
. . . . . . 7 9 . 5 . 7 . . . . 3 . 1 . . . . . . . 7 . . . 
. . . . . . 9 5 7 . 1 . 1 . . 7 . 9 . . . . . . . . . . . . 
. . . . . . . . . . . . . . 9 . 6 . 5 . 4 . . 1 . . 8 6 . . 
. . . 1 . . . . . 9 . 7 8 . . . . . 6 . 8 . . . . . 6 . . . 
. . . . . 3 . 8 . . . . . . 8 5 . . . . 3 9 . . 5 . . . . . 
. . . 8 . . 2 8 . . . . 2 . 6 . . . . 8 . . . . . . . . . 7 
. . . . . 5 . . . . . . . . . 6 . . . 5 4 . 5 . . . 1 9 . . 
. 5 . 4 . . . . . . 4 1 . 9 . . . . . . . . . . . . 7 . . 9 
. . 1 . . . 7 . . . . . 4 . . . . . . . . . 5 . 4 1 . . . 3 
. . . . 3 4 3 9 1 . . . . . 1 . . . . . . . . . . . 8 . . . 
. . . 8 . . . 7 . . . . . . . . . . . 1 9 5 . 8 . . . 4 . . 
. . . 3 . 6 . . . . . 2 . . 7 . . . . . 2 . 7 . 9 . . . . . 
1 4 . . . 1 . . . . 6 . . . . . . . . . . . . . . . . 6 5 2 
. . . 9 . . . 2 . . 8 2 . . 2 . . . . . . . 5 . . . . . 8 . 
. . . 8 . . 1 . . . . 2 . . . 3 5 3 . . . . . . . . . . . 7 
. . . . 5 . . 7 . . . . 4 . . 9 . . . . . 9 2 2 . . . . . . 
1 . . . 6 . 3 . 3 . . . 9 . . . . . . . . . . . 3 4 . . . . 
1 . . . . . . 6 . . . . 3 . . . 4 . . 1 . . . . 6 . . 4 . . 
. . . 7 . . . . . . 6 . . 2 . 1 . . . . . 8 . . . 1 . . . 1 
1 2 6 11 13 23 29 
1 5 7 9 12 13 27 
0 1 14 17 18 25 28 
1 4 5 9 15 16 25 
0 1 3 16 18 20 29 
1 9 10 11 14 20 26 
0 4 15 20 23 27 29 
7 8 10 16 18 24 27 
2 3 5 7 15 18 24 
2 3 10 16 19 23 29 
0 3 4 8 15 16 17 
6 7 9 11 16 18 26 
6 7 8 10 12 15 17 
14 16 18 20 23 26 27 
3 9 11 12 18 20 26 
5 7 14 15 20 21 24 
3 6 7 12 14 19 29 
5 15 19 20 22 26 27 
1 3 10 11 13 26 29 
2 6 12 22 24 25 29 
4 5 6 7 8 14 26 
3 7 19 20 21 23 27 
3 5 11 14 20 22 24 
0 1 5 10 27 28 29 
3 7 10 11 14 22 28 
3 6 11 15 16 17 29 
4 7 12 15 21 22 23 
0 4 6 8 12 24 25 
0 7 12 16 19 24 27 
3 10 13 15 21 25 29 
0 6
