0. 0(6) 5(6) 9(1) 13(7) 14(6) 21(8) 27(4) 
1. 2(1) 3(9) 4(2) 10(6) 21(7) 26(3) 27(6) 
2. 0(6) 6(6) 7(8) 15(7) 16(7) 20(7) 24(5) 
3. 2(4) 4(4) 6(9) 9(6) 13(9) 17(5) 25(7) 
4. 4(1) 8(1) 9(2) 12(3) 22(6) 24(4) 27(9) 
5. 4(5) 5(7) 11(6) 14(5) 15(6) 20(7) 21(1) 
6. 3(7) 5(6) 9(4) 10(4) 14(1) 18(8) 20(4) 
7. 10(6) 16(8) 18(4) 20(4) 21(6) 22(2) 23(3) 
8. 6(6) 7(9) 9(2) 10(7) 17(5) 19(6) 21(6) 
9. 4(1) 7(8) 10(9) 13(5) 16(2) 24(4) 27(8) 
10. 3(8) 8(2) 11(3) 13(8) 18(9) 22(7) 28(3) 
11. 3(1) 5(8) 14(7) 17(5) 18(5) 22(5) 29(6) 
12. 0(3) 1(2) 5(5) 9(8) 16(7) 25(6) 26(9) 
13. 0(3) 11(7) 15(1) 18(6) 21(2) 25(9) 29(2) 
14. 3(4) 10(3) 11(8) 14(6) 17(9) 24(8) 25(5) 
15. 4(9) 5(2) 10(8) 14(7) 21(2) 26(5) 28(5) 
16. 1(5) 3(7) 6(3) 8(7) 12(4) 18(9) 23(8) 
17. 5(9) 11(7) 16(1) 18(6) 19(2) 21(2) 24(8) 
18. 1(2) 3(1) 9(6) 11(7) 16(5) 21(2) 23(5) 
19. 2(2) 3(7) 5(3) 7(4) 12(1) 18(4) 20(5) 
20. 3(5) 9(1) 16(9) 19(0) 24(6) 25(7) 27(6) 
21. 4(3) 5(5) 6(5) 12(9) 13(5) 17(7) 25(6) 
22. 1(2) 4(1) 5(9) 13(1) 18(1) 24(3) 28(8) 
23. 1(1) 4(1) 16(8) 18(4) 19(8) 22(3) 28(6) 
24. 3(2) 7(7) 10(9) 16(2) 18(5) 24(8) 25(6) 
25. 0(8) 5(1) 10(4) 15(6) 22(4) 27(5) 29(2) 
26. 5(7) 6(3) 15(6) 18(6) 20(1) 25(3) 26(1) 
27. 0(9) 1(7) 2(7) 3(1) 16(7) 24(5) 27(3) 
28. 5(4) 11(7) 15(6) 16(9) 24(9) 27(5) 28(1) 
29. 2(4) 7(4) 10(7) 16(2) 19(9) 22(1) 25(3) 
0 5 9 13 14 21 27 
2 3 4 10 21 26 27 
0 6 7 15 16 20 24 
2 4 6 9 13 17 25 
4 8 9 12 22 24 27 
4 5 11 14 15 20 21 
3 5 9 10 14 18 20 
10 16 18 20 21 22 23 
6 7 9 10 17 19 21 
4 7 10 13 16 24 27 
3 8 11 13 18 22 28 
3 5 14 17 18 22 29 
0 1 5 9 16 25 26 
0 11 15 18 21 25 29 
3 10 11 14 17 24 25 
4 5 10 14 21 26 28 
1 3 6 8 12 18 23 
5 11 16 18 19 21 24 
1 3 9 11 16 21 23 
2 3 5 7 12 18 20 
3 9 16 19 24 25 27 
4 5 6 12 13 17 25 
1 4 5 13 18 24 28 
1 4 16 18 19 22 28 
3 7 10 16 18 24 25 
0 5 10 15 22 27 29 
5 6 15 18 20 25 26 
0 1 2 3 16 24 27 
5 11 15 16 24 27 28 
2 7 10 16 19 22 25 
20 19
