0. 5(8) 7(5) 9(5) 13(8) 17(8) 20(9) 21(9) 23(4) 25(7) 26(9) 27(7) 
1. 4(8) 5(3) 6(6) 10(5) 13(3) 14(2) 15(3) 18(6) 20(2) 25(2) 28(7) 29(3) 
2. 2(7) 3(2) 8(9) 9(2) 10(6) 12(7) 16(3) 17(5) 19(8) 20(2) 24(6) 26(9) 
3. 2(2) 3(3) 4(7) 8(4) 11(7) 12(6) 15(4) 16(3) 19(2) 21(4) 22(3) 23(1) 27(8) 29(1) 
4. 1(8) 3(7) 6(7) 8(8) 12(4) 13(3) 18(2) 19(8) 20(9) 21(1) 22(1) 24(1) 28(7) 29(5) 
5. 0(8) 1(3) 5(1) 8(9) 15(9) 16(2) 17(1) 18(5) 23(7) 25(8) 26(9) 27(1) 
6. 1(6) 4(7) 6(9) 8(8) 9(1) 11(8) 16(7) 17(7) 25(1) 27(9) 28(9) 29(7) 
7. 0(5) 9(4) 11(5) 12(5) 14(5) 19(1) 23(2) 24(7) 28(3) 
8. 2(9) 3(4) 4(8) 5(9) 6(8) 10(8) 11(4) 12(6) 16(3) 17(5) 21(5) 24(5) 28(1) 
9. 0(5) 2(2) 6(1) 7(4) 10(3) 12(6) 14(7) 16(8) 17(2) 18(6) 19(2) 24(7) 25(1) 26(4) 28(9) 
10. 1(5) 2(6) 8(8) 9(3) 11(4) 12(2) 15(1) 19(8) 21(1) 23(8) 26(9) 
11. 3(7) 6(8) 7(5) 8(4) 10(4) 13(5) 14(1) 16(1) 23(6) 24(4) 26(5) 
12. 2(7) 3(6) 4(4) 7(5) 8(6) 9(6) 10(2) 13(7) 14(6) 15(5) 16(7) 19(3) 24(2) 28(4) 
13. 0(8) 1(3) 4(3) 11(5) 12(7) 13(3) 14(2) 15(8) 18(9) 20(1) 21(5) 23(4) 29(6) 
14. 1(2) 7(5) 9(7) 11(1) 12(6) 13(2) 15(5) 20(3) 21(9) 27(7) 28(4) 
15. 1(3) 3(4) 5(9) 10(1) 12(5) 13(8) 14(5) 16(4) 17(5) 20(5) 21(5) 27(2) 
16. 2(3) 3(3) 5(2) 6(7) 8(3) 9(8) 11(1) 12(7) 15(4) 21(4) 22(1) 25(2) 27(2) 29(1) 
17. 0(8) 2(5) 5(1) 6(7) 8(5) 9(2) 15(5) 17(2) 18(7) 21(7) 22(5) 27(3) 
18. 1(6) 4(2) 5(5) 9(6) 13(9) 17(7) 19(1) 26(2) 27(9) 28(4) 29(1) 
19. 2(8) 3(2) 4(8) 7(1) 9(2) 10(8) 12(3) 18(1) 20(3) 21(6) 22(7) 27(9) 29(2) 
20. 0(9) 1(2) 2(2) 4(9) 13(1) 14(3) 15(5) 19(3) 27(2) 28(1) 29(6) 
21. 0(9) 3(4) 4(1) 8(5) 10(1) 13(5) 14(9) 15(5) 16(4) 17(7) 19(6) 27(7) 
22. 3(3) 4(1) 16(1) 17(5) 19(7) 24(5) 25(4) 29(2) 
23. 0(4) 3(1) 5(7) 7(2) 10(8) 11(6) 13(4) 23(2) 25(4) 26(3) 29(6) 
24. 2(6) 4(1) 7(7) 8(5) 9(7) 11(4) 12(2) 22(5) 27(4) 28(0) 
25. 0(7) 1(2) 5(8) 6(1) 9(1) 16(2) 22(4) 23(4) 27(2) 28(1) 
26. 0(9) 2(9) 5(9) 9(4) 10(9) 11(5) 18(2) 23(3) 28(5) 
27. 0(7) 3(8) 5(1) 6(9) 14(7) 15(2) 16(2) 17(3) 18(9) 19(9) 20(2) 21(7) 24(4) 25(2) 
28. 1(7) 4(7) 6(9) 7(3) 8(1) 9(9) 12(4) 14(4) 18(4) 20(1) 24(0) 25(1) 26(5) 28(2) 29(3) 
29. 1(3) 3(1) 4(5) 6(7) 13(6) 16(1) 18(1) 19(2) 20(6) 22(2) 23(6) 28(3) 
5 7 9 13 17 20 21 23 25 26 27 
4 5 6 10 13 14 15 18 20 25 28 29 
2 3 8 9 10 12 16 17 19 20 24 26 
2 3 4 8 11 12 15 16 19 21 22 23 27 29 
1 3 6 8 12 13 18 19 20 21 22 24 28 29 
0 1 5 8 15 16 17 18 23 25 26 27 
1 4 6 8 9 11 16 17 25 27 28 29 
0 9 11 12 14 19 23 24 28 
2 3 4 5 6 10 11 12 16 17 21 24 28 
0 2 6 7 10 12 14 16 17 18 19 24 25 26 28 
1 2 8 9 11 12 15 19 21 23 26 
3 6 7 8 10 13 14 16 23 24 26 
2 3 4 7 8 9 10 13 14 15 16 19 24 28 
0 1 4 11 12 13 14 15 18 20 21 23 29 
1 7 9 11 12 13 15 20 21 27 28 
1 3 5 10 12 13 14 16 17 20 21 27 
2 3 5 6 8 9 11 12 15 21 22 25 27 29 
0 2 5 6 8 9 15 17 18 21 22 27 
1 4 5 9 13 17 19 26 27 28 29 
2 3 4 7 9 10 12 18 20 21 22 27 29 
0 1 2 4 13 14 15 19 27 28 29 
0 3 4 8 10 13 14 15 16 17 19 27 
3 4 16 17 19 24 25 29 
0 3 5 7 10 11 13 23 25 26 29 
2 4 7 8 9 11 12 22 27 28 
0 1 5 6 9 16 22 23 27 28 
0 2 5 9 10 11 18 23 28 
0 3 5 6 14 15 16 17 18 19 20 21 24 25 
1 4 6 7 8 9 12 14 18 20 24 25 26 28 29 
1 3 4 6 13 16 18 19 20 22 23 28 
24 28