0. 4(6) 5(7) 9(6) 11(3) 17(4) 23(8) 26(9) 
1. 2(8) 3(5) 4(9) 11(4) 16(7) 20(2) 29(9) 
2. 3(8) 4(6) 5(1) 9(6) 10(4) 19(3) 29(3) 
3. 6(6) 9(6) 14(3) 18(9) 20(4) 24(6) 28(2) 
4. 3(7) 8(1) 14(4) 19(4) 21(3) 23(6) 28(6) 
5. 4(6) 5(1) 11(2) 15(3) 18(4) 21(6) 25(6) 
6. 8(2) 11(7) 13(5) 14(6) 21(9) 26(3) 29(1) 
7. 0(3) 6(9) 13(1) 14(1) 15(3) 18(9) 26(8) 
8. 0(1) 6(9) 8(2) 9(4) 13(8) 18(5) 20(4) 
9. 0(5) 5(4) 6(7) 9(3) 10(4) 18(9) 23(2) 
10. 4(5) 8(8) 13(9) 17(5) 20(8) 21(5) 28(3) 
11. 7(2) 9(2) 12(8) 18(9) 19(9) 20(4) 22(1) 
12. 2(9) 3(8) 10(1) 17(8) 20(5) 23(6) 28(1) 
13. 0(6) 3(2) 9(1) 11(6) 19(4) 27(5) 29(5) 
14. 1(2) 9(8) 16(8) 18(9) 19(8) 22(9) 25(6) 
15. 3(4) 5(3) 12(4) 14(2) 15(2) 22(9) 29(1) 
16. 4(5) 5(1) 8(4) 14(4) 20(1) 22(6) 25(6) 
17. 2(6) 3(2) 4(9) 6(8) 15(9) 21(7) 29(7) 
18. 0(7) 5(2) 7(5) 15(4) 16(8) 19(7) 25(5) 
19. 0(6) 1(8) 3(8) 7(4) 8(8) 18(7) 20(2) 
20. 0(2) 5(3) 10(3) 14(5) 18(7) 25(8) 28(8) 
21. 1(7) 4(7) 10(4) 12(1) 17(7) 18(6) 26(7) 
22. 0(4) 2(4) 4(8) 15(3) 23(4) 25(6) 26(9) 
23. 1(7) 5(1) 13(5) 15(1) 18(3) 20(4) 21(4) 
24. 5(7) 6(9) 12(2) 14(1) 15(5) 25(9) 26(2) 
25. 1(6) 8(2) 11(3) 15(4) 17(1) 23(7) 28(6) 
26. 1(9) 2(2) 12(1) 13(9) 14(1) 17(9) 25(6) 
27. 2(1) 4(9) 5(1) 10(4) 19(8) 28(3) 29(1) 
28. 0(6) 2(2) 6(5) 7(8) 9(0) 23(5) 26(3) 
29. 2(8) 10(7) 14(2) 18(6) 19(4) 20(7) 25(3) 
0. 7(3) 8(1) 9(5) 13(6) 18(7) 19(6) 20(2) 22(4) 28(6) 
1. 14(2) 19(8) 21(7) 23(7) 25(6) 26(9) 
2. 1(8) 12(9) 17(6) 22(4) 26(2) 27(1) 28(2) 29(8) 
3. 1(5) 2(8) 4(7) 12(8) 13(2) 15(4) 17(2) 19(8) 
4. 0(6) 1(9) 2(6) 5(6) 10(5) 16(5) 17(9) 21(7) 22(8) 27(9) 
5. 0(7) 2(1) 5(1) 9(4) 15(3) 16(1) 18(2) 20(3) 23(1) 24(7) 27(1) 
6. 3(6) 7(9) 8(9) 9(7) 17(8) 24(9) 28(5) 
7. 11(2) 18(5) 19(4) 28(8) 
8. 4(1) 6(2) 8(2) 10(8) 16(4) 19(8) 25(2) 
9. 0(6) 2(6) 3(6) 8(4) 9(3) 11(2) 13(1) 14(8) 28(0) 
10. 2(4) 9(4) 12(1) 20(3) 21(4) 27(4) 29(7) 
11. 0(3) 1(4) 5(2) 6(7) 13(6) 25(3) 
12. 11(8) 15(4) 21(1) 24(2) 26(1) 
13. 6(5) 7(1) 8(8) 10(9) 23(5) 26(9) 
14. 3(3) 4(4) 6(6) 7(1) 15(2) 16(4) 20(5) 24(1) 26(1) 29(2) 
15. 5(3) 7(3) 15(2) 17(9) 18(4) 22(3) 23(1) 24(5) 25(4) 
16. 1(7) 14(8) 18(8) 
17. 0(4) 10(5) 12(8) 21(7) 25(1) 26(9) 
18. 3(9) 5(4) 7(9) 8(5) 9(9) 11(9) 14(9) 19(7) 20(7) 21(6) 23(3) 29(6) 
19. 2(3) 4(4) 11(9) 13(4) 14(8) 18(7) 27(8) 29(4) 
20. 1(2) 3(4) 8(4) 10(8) 11(4) 12(5) 16(1) 19(2) 23(4) 29(7) 
21. 4(3) 5(6) 6(9) 10(5) 17(7) 23(4) 
22. 11(1) 14(9) 15(9) 16(6) 
23. 0(8) 4(6) 9(2) 12(6) 22(4) 25(7) 28(5) 
24. 3(6) 
25. 5(6) 14(6) 16(6) 18(5) 20(8) 22(6) 24(9) 26(6) 29(3) 
26. 0(9) 6(3) 7(8) 21(7) 22(9) 24(2) 28(3) 
27. 13(5) 
28. 3(2) 4(6) 10(3) 12(1) 20(8) 25(6) 27(3) 
29. 1(9) 2(3) 6(1) 13(5) 15(1) 17(7) 27(1) 
